#
# There is insufficient memory for the Java Runtime Environment to continue.
# Native memory allocation (malloc) failed to allocate 1048576 bytes for AllocateHeap
# Possible reasons:
#   The system is out of physical RAM or swap space
#   In 32 bit mode, the process size limit was hit
# Possible solutions:
#   Reduce memory load on the system
#   Increase physical memory or swap space
#   Check if swap backing store is full
#   Use 64 bit Java on a 64 bit OS
#   Decrease Java heap size (-Xmx/-Xms)
#   Decrease number of Java threads
#   Decrease Java thread stack sizes (-Xss)
#   Set larger code cache with -XX:ReservedCodeCacheSize=
# This output file may be truncated or incomplete.
#
#  Out of Memory Error (memory/allocation.inline.hpp:61), pid=2264, tid=0x000000000000073c
#
# JRE version:  (8.0_151-b12) (build )
# Java VM: Java HotSpot(TM) 64-Bit Server VM (25.151-b12 mixed mode windows-amd64 compressed oops)
# Failed to write core dump. Minidumps are not enabled by default on client versions of Windows
#

---------------  T H R E A D  ---------------

Current thread (0x00000000049c0800):  JavaThread "Unknown thread" [_thread_in_vm, id=1852, stack(0x0000000004820000,0x0000000004920000)]

Stack: [0x0000000004820000,0x0000000004920000]
[error occurred during error reporting (printing stack bounds), id 0xc0000005]

Native frames: (J=compiled Java code, j=interpreted, Vv=VM code, C=native code)


---------------  P R O C E S S  ---------------

Java Threads: ( => current thread )

Other Threads:

=>0x00000000049c0800 (exited) JavaThread "Unknown thread" [_thread_in_vm, id=1852, stack(0x0000000004820000,0x0000000004920000)]

VM state:not at safepoint (normal execution)

VM Mutex/Monitor currently owned by a thread: None

Heap:
 PSYoungGen      total 18944K, used 327K [0x00000000f5580000, 0x00000000f6a80000, 0x0000000100000000)
  eden space 16384K, 2% used [0x00000000f5580000,0x00000000f55d1ec8,0x00000000f6580000)
  from space 2560K, 0% used [0x00000000f6800000,0x00000000f6800000,0x00000000f6a80000)
  to   space 2560K, 0% used [0x00000000f6580000,0x00000000f6580000,0x00000000f6800000)
 ParOldGen       total 44032K, used 0K [0x00000000e0000000, 0x00000000e2b00000, 0x00000000f5580000)
  object space 44032K, 0% used [0x00000000e0000000,0x00000000e0000000,0x00000000e2b00000)
 Metaspace       used 783K, capacity 1092K, committed 1152K, reserved 1060864K
  class space    used 75K, capacity 384K, committed 384K, reserved 1048576K

Card table byte_map: [0x0000000013e80000,0x0000000013f90000] byte_map_base: 0x0000000013780000

Marking Bits: (ParMarkBitMap*) 0x000000005dcfd850
 Begin Bits: [0x0000000014390000, 0x0000000014b90000)
 End Bits:   [0x0000000014b90000, 0x0000000015390000)

Polling page: 0x00000000005e0000

CodeCache: size=245760Kb used=328Kb max_used=328Kb free=245431Kb
 bounds [0x0000000004ac0000, 0x0000000004d30000, 0x0000000013ac0000]
 total_blobs=58 nmethods=0 adapters=38
 compilation: enabled

Compilation events (0 events):
No events

GC Heap History (0 events):
No events

Deoptimization events (0 events):
No events

Internal exceptions (0 events):
No events

Events (10 events):
Event: 0.021 loading class java/lang/Short
Event: 0.021 loading class java/lang/Short done
Event: 0.021 loading class java/lang/Integer
Event: 0.022 loading class java/lang/Integer done
Event: 0.022 loading class java/lang/Long
Event: 0.022 loading class java/lang/Long done
Event: 0.022 loading class java/lang/NullPointerException
Event: 0.022 loading class java/lang/NullPointerException done
Event: 0.022 loading class java/lang/ArithmeticException
Event: 0.022 loading class java/lang/ArithmeticException done


Dynamic libraries:
0x00007ff6e9360000 - 0x00007ff6e9397000 	C:\Program Files\Java\jdk1.8.0_151\jre\bin\java.exe
0x00007fffbc5a0000 - 0x00007fffbc780000 	C:\Windows\SYSTEM32\ntdll.dll
0x00007fffbaff0000 - 0x00007fffbb09e000 	C:\Windows\System32\KERNEL32.DLL
0x00007fffb89a0000 - 0x00007fffb8c06000 	C:\Windows\System32\KERNELBASE.dll
0x00007fffb9c30000 - 0x00007fffb9cd1000 	C:\Windows\System32\ADVAPI32.dll
0x00007fffba0d0000 - 0x00007fffba16d000 	C:\Windows\System32\msvcrt.dll
0x00007fffba340000 - 0x00007fffba39b000 	C:\Windows\System32\sechost.dll
0x00007fffba990000 - 0x00007fffbaaaf000 	C:\Windows\System32\RPCRT4.dll
0x00007fffb9aa0000 - 0x00007fffb9c2f000 	C:\Windows\System32\USER32.dll
0x00007fffb99b0000 - 0x00007fffb99d0000 	C:\Windows\System32\win32u.dll
0x00007fffbb0a0000 - 0x00007fffbb0c8000 	C:\Windows\System32\GDI32.dll
0x00007fffb8da0000 - 0x00007fffb8f34000 	C:\Windows\System32\gdi32full.dll
0x00007fffb99d0000 - 0x00007fffb9a6b000 	C:\Windows\System32\msvcp_win.dll
0x00007fffb98b0000 - 0x00007fffb99a6000 	C:\Windows\System32\ucrtbase.dll
0x00007fff9c1b0000 - 0x00007fff9c419000 	C:\Windows\WinSxS\amd64_microsoft.windows.common-controls_6595b64144ccf1df_6.0.16299.64_none_cc9304e22215ca8f\COMCTL32.dll
0x00007fffb9dc0000 - 0x00007fffba0c8000 	C:\Windows\System32\combase.dll
0x00007fffb8c10000 - 0x00007fffb8c82000 	C:\Windows\System32\bcryptPrimitives.dll
0x00007fffbac00000 - 0x00007fffbac2d000 	C:\Windows\System32\IMM32.DLL
0x000000005d400000 - 0x000000005d4d2000 	C:\Program Files\Java\jdk1.8.0_151\jre\bin\msvcr100.dll
0x000000005d4e0000 - 0x000000005dd7d000 	C:\Program Files\Java\jdk1.8.0_151\jre\bin\server\jvm.dll
0x00007fffb9a70000 - 0x00007fffb9a78000 	C:\Windows\System32\PSAPI.DLL
0x00007fffae280000 - 0x00007fffae2a3000 	C:\Windows\SYSTEM32\WINMM.dll
0x00007fffae200000 - 0x00007fffae209000 	C:\Windows\SYSTEM32\WSOCK32.dll
0x00007fffae250000 - 0x00007fffae25a000 	C:\Windows\SYSTEM32\VERSION.dll
0x00007fffbad00000 - 0x00007fffbad6c000 	C:\Windows\System32\WS2_32.dll
0x00007fffad4d0000 - 0x00007fffad4fa000 	C:\Windows\SYSTEM32\winmmbase.dll
0x00007fffb9110000 - 0x00007fffb915a000 	C:\Windows\System32\cfgmgr32.dll
0x000000005d3b0000 - 0x000000005d3bf000 	C:\Program Files\Java\jdk1.8.0_151\jre\bin\verify.dll
0x000000005d380000 - 0x000000005d3a9000 	C:\Program Files\Java\jdk1.8.0_151\jre\bin\java.dll
0x000000005d360000 - 0x000000005d376000 	C:\Program Files\Java\jdk1.8.0_151\jre\bin\zip.dll

VM Arguments:
jvm_args: -Dfile.encoding=UTF-8 -Xmx512m 
java_command: C:\Users\Anmol\Documents\NetBeansProjects\JavaFXApplication9CheckBox\dist\run1363994874\JavaFXApplication9CheckBox.jar
java_class_path (initial): C:\Users\Anmol\Documents\NetBeansProjects\JavaFXApplication9CheckBox\dist\run1363994874\JavaFXApplication9CheckBox.jar
Launcher Type: SUN_STANDARD

Environment Variables:
PATH=C:\app\Anmol\product\11.2.0\dbhome_1\bin;C:\ProgramData\Oracle\Java\javapath;C:\Program Files (x86)\Intel\iCLS Client\;C:\Program Files\Intel\iCLS Client\;C:\Windows\system32;C:\Windows;C:\Windows\System32\Wbem;C:\Windows\System32\WindowsPowerShell\v1.0\;C:\Users\Anmol\AppData\Local\Microsoft\WindowsApps;C:\Users\Anmol\AppData\Local\GitHubDesktop\bin
USERNAME=Anmol
OS=Windows_NT
PROCESSOR_IDENTIFIER=Intel64 Family 6 Model 69 Stepping 1, GenuineIntel



---------------  S Y S T E M  ---------------

OS: Windows 10.0 , 64 bit Build 16299 (10.0.16299.15)

CPU:total 4 (initial active 4) (2 cores per cpu, 2 threads per core) family 6 model 69 stepping 1, cmov, cx8, fxsr, mmx, sse, sse2, sse3, ssse3, sse4.1, sse4.2, popcnt, avx, avx2, aes, clmul, erms, lzcnt, ht, tsc, tscinvbit, bmi1, bmi2

Memory: 4k page, physical 4133136k(800656k free), swap 8540684k(5120k free)

vm_info: Java HotSpot(TM) 64-Bit Server VM (25.151-b12) for windows-amd64 JRE (1.8.0_151-b12), built on Sep  5 2017 19:33:46 by "java_re" with MS VC++ 10.0 (VS2010)

time: Thu Nov 16 22:03:30 2017
elapsed time: 0 seconds (0d 0h 0m 0s)

