#
# There is insufficient memory for the Java Runtime Environment to continue.
# Native memory allocation (malloc) failed to allocate 1052256 bytes for Chunk::new
# Possible reasons:
#   The system is out of physical RAM or swap space
#   In 32 bit mode, the process size limit was hit
# Possible solutions:
#   Reduce memory load on the system
#   Increase physical memory or swap space
#   Check if swap backing store is full
#   Use 64 bit Java on a 64 bit OS
#   Decrease Java heap size (-Xmx/-Xms)
#   Decrease number of Java threads
#   Decrease Java thread stack sizes (-Xss)
#   Set larger code cache with -XX:ReservedCodeCacheSize=
# This output file may be truncated or incomplete.
#
#  Out of Memory Error (allocation.cpp:390), pid=7688, tid=0x00000000000009bc
#
# JRE version: Java(TM) SE Runtime Environment (8.0_151-b12) (build 1.8.0_151-b12)
# Java VM: Java HotSpot(TM) 64-Bit Server VM (25.151-b12 mixed mode windows-amd64 compressed oops)
# Failed to write core dump. Minidumps are not enabled by default on client versions of Windows
#

---------------  T H R E A D  ---------------

Current thread (0x000000001799e000):  JavaThread "C2 CompilerThread0" daemon [_thread_in_native, id=2492, stack(0x0000000018ff0000,0x00000000190f0000)]

Stack: [0x0000000018ff0000,0x00000000190f0000]
[error occurred during error reporting (printing stack bounds), id 0xc0000005]

Native frames: (J=compiled Java code, j=interpreted, Vv=VM code, C=native code)


Current CompileTask:
C2:   1875 1813       4       javafx.scene.CssStyleHelper::getStyle (162 bytes)


---------------  P R O C E S S  ---------------

Java Threads: ( => current thread )
  0x000000001f31c800 JavaThread "Prism Font Disposer" daemon [_thread_blocked, id=3108, stack(0x0000000022750000,0x0000000022850000)]
  0x00000000199c0800 JavaThread "Thread-3" daemon [_thread_in_native, id=9032, stack(0x000000001ec00000,0x000000001ed00000)]
  0x00000000199be000 JavaThread "JavaFX-Launcher" [_thread_blocked, id=6020, stack(0x000000001ed00000,0x000000001ee00000)]
  0x0000000019949000 JavaThread "JavaFX Application Thread" [_thread_in_native, id=8700, stack(0x000000001a570000,0x000000001a670000)]
  0x0000000019935000 JavaThread "Thread-1" daemon [_thread_blocked, id=4732, stack(0x000000001a470000,0x000000001a570000)]
  0x000000001990d800 JavaThread "QuantumRenderer-0" daemon [_thread_blocked, id=1008, stack(0x000000001a1e0000,0x000000001a2e0000)]
  0x000000001931c000 JavaThread "Service Thread" daemon [_thread_blocked, id=2256, stack(0x00000000196f0000,0x00000000197f0000)]
  0x00000000179a7000 JavaThread "C1 CompilerThread2" daemon [_thread_blocked, id=6616, stack(0x00000000191f0000,0x00000000192f0000)]
  0x00000000179a6800 JavaThread "C2 CompilerThread1" daemon [_thread_blocked, id=444, stack(0x00000000190f0000,0x00000000191f0000)]
=>0x000000001799e000 JavaThread "C2 CompilerThread0" daemon [_thread_in_native, id=2492, stack(0x0000000018ff0000,0x00000000190f0000)]
  0x000000001799c800 JavaThread "Attach Listener" daemon [_thread_blocked, id=440, stack(0x0000000018ef0000,0x0000000018ff0000)]
  0x000000001799b000 JavaThread "Signal Dispatcher" daemon [_thread_blocked, id=6844, stack(0x0000000018df0000,0x0000000018ef0000)]
  0x000000001798a000 JavaThread "Finalizer" daemon [_thread_blocked, id=9036, stack(0x0000000018c00000,0x0000000018d00000)]
  0x0000000017968800 JavaThread "Reference Handler" daemon [_thread_blocked, id=5964, stack(0x0000000018b00000,0x0000000018c00000)]
  0x0000000005250800 JavaThread "main" [_thread_blocked, id=10036, stack(0x0000000005150000,0x0000000005250000)]

Other Threads:
  0x0000000017966800 VMThread [stack: 0x0000000018a00000,0x0000000018b00000] [id=7456]
  0x0000000019347800 WatcherThread [stack: 0x00000000197f0000,0x00000000198f0000] [id=2520]

VM state:not at safepoint (normal execution)

VM Mutex/Monitor currently owned by a thread: None

Heap:
 PSYoungGen      total 18944K, used 13830K [0x00000000eaf80000, 0x00000000ed480000, 0x0000000100000000)
  eden space 16384K, 68% used [0x00000000eaf80000,0x00000000eba858d0,0x00000000ebf80000)
  from space 2560K, 99% used [0x00000000ec200000,0x00000000ec47c050,0x00000000ec480000)
  to   space 2560K, 0% used [0x00000000ebf80000,0x00000000ebf80000,0x00000000ec200000)
 ParOldGen       total 44032K, used 2691K [0x00000000c0e00000, 0x00000000c3900000, 0x00000000eaf80000)
  object space 44032K, 6% used [0x00000000c0e00000,0x00000000c10a0e78,0x00000000c3900000)
 Metaspace       used 17414K, capacity 18622K, committed 18688K, reserved 1064960K
  class space    used 2516K, capacity 2751K, committed 2816K, reserved 1048576K

Card table byte_map: [0x0000000014710000,0x0000000014910000] byte_map_base: 0x0000000014109000

Marking Bits: (ParMarkBitMap*) 0x000000005dcfd850
 Begin Bits: [0x0000000014e70000, 0x0000000015e38000)
 End Bits:   [0x0000000015e38000, 0x0000000016e00000)

Polling page: 0x00000000031c0000

CodeCache: size=245760Kb used=6577Kb max_used=6587Kb free=239182Kb
 bounds [0x0000000005350000, 0x00000000059d0000, 0x0000000014350000]
 total_blobs=2624 nmethods=1995 adapters=541
 compilation: enabled

Compilation events (10 events):
Event: 1.739 Thread 0x00000000179a7000 2003       3       java.nio.Buffer::<init> (121 bytes)
Event: 1.740 Thread 0x00000000179a6800 2006       4       java.lang.StringBuilder::<init> (7 bytes)
Event: 1.741 Thread 0x00000000179a7000 nmethod 2003 0x00000000059baf90 code [0x00000000059bb260, 0x00000000059bc6e8]
Event: 1.741 Thread 0x00000000179a7000 2004       3       java.nio.ByteBuffer::arrayOffset (35 bytes)
Event: 1.741 Thread 0x00000000179a7000 nmethod 2004 0x00000000059bd050 code [0x00000000059bd1e0, 0x00000000059bd4f8]
Event: 1.741 Thread 0x00000000179a7000 2007       3       java.nio.charset.CoderResult::isUnderflow (13 bytes)
Event: 1.741 Thread 0x00000000179a7000 nmethod 2007 0x00000000059bd650 code [0x00000000059bd7a0, 0x00000000059bd950]
Event: 1.741 Thread 0x00000000179a7000 2005       3       java.nio.CharBuffer::arrayOffset (35 bytes)
Event: 1.741 Thread 0x00000000179a6800 nmethod 2006 0x00000000059c06d0 code [0x00000000059c0820, 0x00000000059c0918]
Event: 1.741 Thread 0x00000000179a7000 nmethod 2005 0x00000000059c00d0 code [0x00000000059c0260, 0x00000000059c0578]

GC Heap History (4 events):
Event: 0.599 GC heap before
{Heap before GC invocations=1 (full 0):
 PSYoungGen      total 18944K, used 16384K [0x00000000eaf80000, 0x00000000ec480000, 0x0000000100000000)
  eden space 16384K, 100% used [0x00000000eaf80000,0x00000000ebf80000,0x00000000ebf80000)
  from space 2560K, 0% used [0x00000000ec200000,0x00000000ec200000,0x00000000ec480000)
  to   space 2560K, 0% used [0x00000000ebf80000,0x00000000ebf80000,0x00000000ec200000)
 ParOldGen       total 44032K, used 0K [0x00000000c0e00000, 0x00000000c3900000, 0x00000000eaf80000)
  object space 44032K, 0% used [0x00000000c0e00000,0x00000000c0e00000,0x00000000c3900000)
 Metaspace       used 10611K, capacity 11008K, committed 11264K, reserved 1058816K
  class space    used 1334K, capacity 1464K, committed 1536K, reserved 1048576K
Event: 0.604 GC heap after
Heap after GC invocations=1 (full 0):
 PSYoungGen      total 18944K, used 2544K [0x00000000eaf80000, 0x00000000ec480000, 0x0000000100000000)
  eden space 16384K, 0% used [0x00000000eaf80000,0x00000000eaf80000,0x00000000ebf80000)
  from space 2560K, 99% used [0x00000000ebf80000,0x00000000ec1fc030,0x00000000ec200000)
  to   space 2560K, 0% used [0x00000000ec200000,0x00000000ec200000,0x00000000ec480000)
 ParOldGen       total 44032K, used 659K [0x00000000c0e00000, 0x00000000c3900000, 0x00000000eaf80000)
  object space 44032K, 1% used [0x00000000c0e00000,0x00000000c0ea4e78,0x00000000c3900000)
 Metaspace       used 10611K, capacity 11008K, committed 11264K, reserved 1058816K
  class space    used 1334K, capacity 1464K, committed 1536K, reserved 1048576K
}
Event: 1.228 GC heap before
{Heap before GC invocations=2 (full 0):
 PSYoungGen      total 18944K, used 18928K [0x00000000eaf80000, 0x00000000ec480000, 0x0000000100000000)
  eden space 16384K, 100% used [0x00000000eaf80000,0x00000000ebf80000,0x00000000ebf80000)
  from space 2560K, 99% used [0x00000000ebf80000,0x00000000ec1fc030,0x00000000ec200000)
  to   space 2560K, 0% used [0x00000000ec200000,0x00000000ec200000,0x00000000ec480000)
 ParOldGen       total 44032K, used 659K [0x00000000c0e00000, 0x00000000c3900000, 0x00000000eaf80000)
  object space 44032K, 1% used [0x00000000c0e00000,0x00000000c0ea4e78,0x00000000c3900000)
 Metaspace       used 15975K, capacity 16974K, committed 17152K, reserved 1064960K
  class space    used 2355K, capacity 2545K, committed 2560K, reserved 1048576K
Event: 1.237 GC heap after
Heap after GC invocations=2 (full 0):
 PSYoungGen      total 18944K, used 2544K [0x00000000eaf80000, 0x00000000ed480000, 0x0000000100000000)
  eden space 16384K, 0% used [0x00000000eaf80000,0x00000000eaf80000,0x00000000ebf80000)
  from space 2560K, 99% used [0x00000000ec200000,0x00000000ec47c050,0x00000000ec480000)
  to   space 2560K, 0% used [0x00000000ebf80000,0x00000000ebf80000,0x00000000ec200000)
 ParOldGen       total 44032K, used 2691K [0x00000000c0e00000, 0x00000000c3900000, 0x00000000eaf80000)
  object space 44032K, 6% used [0x00000000c0e00000,0x00000000c10a0e78,0x00000000c3900000)
 Metaspace       used 15975K, capacity 16974K, committed 17152K, reserved 1064960K
  class space    used 2355K, capacity 2545K, committed 2560K, reserved 1048576K
}

Deoptimization events (10 events):
Event: 1.208 Thread 0x0000000019949000 Uncommon trap: reason=array_check action=maybe_recompile pc=0x00000000057b160c method=com.sun.javafx.css.SimpleSelector.applies(Ljavafx/css/Styleable;[Ljava/util/Set;I)Z @ 37
Event: 1.208 Thread 0x0000000019949000 Uncommon trap: reason=array_check action=maybe_recompile pc=0x00000000057b160c method=com.sun.javafx.css.SimpleSelector.applies(Ljavafx/css/Styleable;[Ljava/util/Set;I)Z @ 37
Event: 1.242 Thread 0x0000000019949000 Uncommon trap: reason=unstable_if action=reinterpret pc=0x000000000577f480 method=java.util.WeakHashMap.expungeStaleEntries()V @ 9
Event: 1.249 Thread 0x0000000019949000 Uncommon trap: reason=array_check action=maybe_recompile pc=0x00000000057dc96c method=com.sun.javafx.css.SimpleSelector.applies(Ljavafx/css/Styleable;[Ljava/util/Set;I)Z @ 37
Event: 1.255 Thread 0x0000000019949000 Uncommon trap: reason=unstable_if action=reinterpret pc=0x0000000005739f50 method=com.sun.javafx.css.BitSet.add(Ljava/lang/Object;)Z @ 91
Event: 1.268 Thread 0x0000000019949000 Uncommon trap: reason=unstable_if action=reinterpret pc=0x00000000057e6b20 method=com.sun.javafx.css.ParsedValueImpl.containsFontRelativeSize(Ljavafx/css/ParsedValue;Z)Z @ 111
Event: 1.279 Thread 0x0000000019949000 Uncommon trap: reason=unstable_if action=reinterpret pc=0x0000000005724ed0 method=java.util.HashMap.isEmpty()Z @ 4
Event: 1.297 Thread 0x0000000019949000 Uncommon trap: reason=unstable_if action=reinterpret pc=0x00000000056495c0 method=sun.net.www.ParseUtil.encodePath(Ljava/lang/String;Z)Ljava/lang/String; @ 109
Event: 1.344 Thread 0x0000000019949000 Uncommon trap: reason=unstable_if action=reinterpret pc=0x00000000057b6f9c method=com.sun.javafx.css.BitSet.addAll(Ljava/util/Collection;)Z @ 1
Event: 1.458 Thread 0x0000000019949000 Uncommon trap: reason=unstable_if action=reinterpret pc=0x0000000005782a34 method=com.sun.javafx.css.SimpleSelector.stateMatches(Ljavafx/css/Styleable;Ljava/util/Set;)Z @ 1

Internal exceptions (10 events):
Event: 0.629 Thread 0x0000000019949000 Exception <a 'java/lang/ArrayIndexOutOfBoundsException'> (0x00000000eb09dea8) thrown at [C:\re\workspace\8-2-build-windows-amd64-cygwin\jdk8u151\9699\hotspot\src\share\vm\runtime\sharedRuntime.cpp, line 605]
Event: 0.629 Thread 0x0000000019949000 Exception <a 'java/lang/ArrayIndexOutOfBoundsException'> (0x00000000eb09eba8) thrown at [C:\re\workspace\8-2-build-windows-amd64-cygwin\jdk8u151\9699\hotspot\src\share\vm\runtime\sharedRuntime.cpp, line 605]
Event: 0.630 Thread 0x0000000019949000 Exception <a 'java/lang/ArrayIndexOutOfBoundsException'> (0x00000000eb09ff50) thrown at [C:\re\workspace\8-2-build-windows-amd64-cygwin\jdk8u151\9699\hotspot\src\share\vm\runtime\sharedRuntime.cpp, line 605]
Event: 0.659 Thread 0x0000000019949000 Exception <a 'java/lang/ArrayIndexOutOfBoundsException'> (0x00000000eb1a9608) thrown at [C:\re\workspace\8-2-build-windows-amd64-cygwin\jdk8u151\9699\hotspot\src\share\vm\runtime\sharedRuntime.cpp, line 605]
Event: 0.659 Thread 0x0000000019949000 Exception <a 'java/lang/ArrayIndexOutOfBoundsException'> (0x00000000eb1aa608) thrown at [C:\re\workspace\8-2-build-windows-amd64-cygwin\jdk8u151\9699\hotspot\src\share\vm\runtime\sharedRuntime.cpp, line 605]
Event: 0.659 Thread 0x0000000019949000 Exception <a 'java/lang/ArrayIndexOutOfBoundsException'> (0x00000000eb1abe78) thrown at [C:\re\workspace\8-2-build-windows-amd64-cygwin\jdk8u151\9699\hotspot\src\share\vm\runtime\sharedRuntime.cpp, line 605]
Event: 1.157 Thread 0x0000000019949000 Implicit null exception at 0x0000000005719066 to 0x00000000057190b1
Event: 1.344 Thread 0x0000000019949000 Implicit null exception at 0x00000000057b6a71 to 0x00000000057b6f85
Event: 1.458 Thread 0x0000000019949000 Implicit null exception at 0x00000000057822a7 to 0x0000000005782a09
Event: 1.738 Thread 0x000000001990d800 Exception <a 'java/lang/NullPointerException'> (0x00000000eba4bae8) thrown at [C:\re\workspace\8-2-build-windows-amd64-cygwin\jdk8u151\9699\hotspot\src\share\vm\interpreter\linkResolver.cpp, line 1285]

Events (10 events):
Event: 1.737 loading class com/sun/javafx/sg/prism/RegionImageCache
Event: 1.737 loading class com/sun/javafx/sg/prism/RegionImageCache done
Event: 1.738 loading class com/sun/prism/impl/BaseResourceFactory$1
Event: 1.738 loading class com/sun/prism/impl/BaseResourceFactory$1 done
Event: 1.738 loading class java/lang/Throwable$WrappedPrintStream
Event: 1.739 loading class java/lang/Throwable$PrintStreamOrWriter
Event: 1.739 loading class java/lang/Throwable$PrintStreamOrWriter done
Event: 1.739 loading class java/lang/Throwable$WrappedPrintStream done
Event: 1.739 loading class java/util/IdentityHashMap$KeySet
Event: 1.739 loading class java/util/IdentityHashMap$KeySet done


Dynamic libraries:
0x00007ff6e9360000 - 0x00007ff6e9397000 	C:\Program Files\Java\jdk1.8.0_151\jre\bin\java.exe
0x00007fffbc5a0000 - 0x00007fffbc780000 	C:\Windows\SYSTEM32\ntdll.dll
0x00007fffbaff0000 - 0x00007fffbb09e000 	C:\Windows\System32\KERNEL32.DLL
0x00007fffb89a0000 - 0x00007fffb8c06000 	C:\Windows\System32\KERNELBASE.dll
0x00007fffb9c30000 - 0x00007fffb9cd1000 	C:\Windows\System32\ADVAPI32.dll
0x00007fffba0d0000 - 0x00007fffba16d000 	C:\Windows\System32\msvcrt.dll
0x00007fffba340000 - 0x00007fffba39b000 	C:\Windows\System32\sechost.dll
0x00007fffba990000 - 0x00007fffbaaaf000 	C:\Windows\System32\RPCRT4.dll
0x00007fffb9aa0000 - 0x00007fffb9c2f000 	C:\Windows\System32\USER32.dll
0x00007fffb99b0000 - 0x00007fffb99d0000 	C:\Windows\System32\win32u.dll
0x00007fffbb0a0000 - 0x00007fffbb0c8000 	C:\Windows\System32\GDI32.dll
0x00007fffb8da0000 - 0x00007fffb8f34000 	C:\Windows\System32\gdi32full.dll
0x00007fffb99d0000 - 0x00007fffb9a6b000 	C:\Windows\System32\msvcp_win.dll
0x00007fffb98b0000 - 0x00007fffb99a6000 	C:\Windows\System32\ucrtbase.dll
0x00007fff9c1b0000 - 0x00007fff9c419000 	C:\Windows\WinSxS\amd64_microsoft.windows.common-controls_6595b64144ccf1df_6.0.16299.64_none_cc9304e22215ca8f\COMCTL32.dll
0x00007fffb9dc0000 - 0x00007fffba0c8000 	C:\Windows\System32\combase.dll
0x00007fffb8c10000 - 0x00007fffb8c82000 	C:\Windows\System32\bcryptPrimitives.dll
0x00007fffbac00000 - 0x00007fffbac2d000 	C:\Windows\System32\IMM32.DLL
0x000000005d400000 - 0x000000005d4d2000 	C:\Program Files\Java\jdk1.8.0_151\jre\bin\msvcr100.dll
0x000000005d4e0000 - 0x000000005dd7d000 	C:\Program Files\Java\jdk1.8.0_151\jre\bin\server\jvm.dll
0x00007fffb9a70000 - 0x00007fffb9a78000 	C:\Windows\System32\PSAPI.DLL
0x00007fffae280000 - 0x00007fffae2a3000 	C:\Windows\SYSTEM32\WINMM.dll
0x00007fffae200000 - 0x00007fffae209000 	C:\Windows\SYSTEM32\WSOCK32.dll
0x00007fffae250000 - 0x00007fffae25a000 	C:\Windows\SYSTEM32\VERSION.dll
0x00007fffbad00000 - 0x00007fffbad6c000 	C:\Windows\System32\WS2_32.dll
0x00007fffad4d0000 - 0x00007fffad4fa000 	C:\Windows\SYSTEM32\WINMMBASE.dll
0x00007fffb9110000 - 0x00007fffb915a000 	C:\Windows\System32\cfgmgr32.dll
0x000000005d3b0000 - 0x000000005d3bf000 	C:\Program Files\Java\jdk1.8.0_151\jre\bin\verify.dll
0x000000005d380000 - 0x000000005d3a9000 	C:\Program Files\Java\jdk1.8.0_151\jre\bin\java.dll
0x000000005d360000 - 0x000000005d376000 	C:\Program Files\Java\jdk1.8.0_151\jre\bin\zip.dll
0x00007fffbb0d0000 - 0x00007fffbc507000 	C:\Windows\System32\SHELL32.dll
0x00007fffbad70000 - 0x00007fffbae16000 	C:\Windows\System32\shcore.dll
0x00007fffb9160000 - 0x00007fffb98a7000 	C:\Windows\System32\windows.storage.dll
0x00007fffba2e0000 - 0x00007fffba331000 	C:\Windows\System32\shlwapi.dll
0x00007fffb8930000 - 0x00007fffb8941000 	C:\Windows\System32\kernel.appcore.dll
0x00007fffb8950000 - 0x00007fffb899c000 	C:\Windows\System32\powrprof.dll
0x00007fffb88f0000 - 0x00007fffb890b000 	C:\Windows\System32\profapi.dll
0x0000000003880000 - 0x0000000003883000 	C:\Program Files\Java\jdk1.8.0_151\jre\bin\api-ms-win-core-console-l1-1-0.dll
0x0000000003890000 - 0x0000000003893000 	C:\Program Files\Java\jdk1.8.0_151\jre\bin\api-ms-win-core-datetime-l1-1-0.dll
0x0000000004ec0000 - 0x0000000004ec3000 	C:\Program Files\Java\jdk1.8.0_151\jre\bin\api-ms-win-core-debug-l1-1-0.dll
0x0000000004ed0000 - 0x0000000004ed3000 	C:\Program Files\Java\jdk1.8.0_151\jre\bin\api-ms-win-core-errorhandling-l1-1-0.dll
0x0000000004ee0000 - 0x0000000004ee4000 	C:\Program Files\Java\jdk1.8.0_151\jre\bin\api-ms-win-core-file-l1-1-0.dll
0x0000000004ef0000 - 0x0000000004ef3000 	C:\Program Files\Java\jdk1.8.0_151\jre\bin\api-ms-win-core-file-l1-2-0.dll
0x0000000004f00000 - 0x0000000004f03000 	C:\Program Files\Java\jdk1.8.0_151\jre\bin\api-ms-win-core-file-l2-1-0.dll
0x0000000004f10000 - 0x0000000004f13000 	C:\Program Files\Java\jdk1.8.0_151\jre\bin\api-ms-win-core-handle-l1-1-0.dll
0x0000000004f20000 - 0x0000000004f23000 	C:\Program Files\Java\jdk1.8.0_151\jre\bin\api-ms-win-core-heap-l1-1-0.dll
0x0000000004f30000 - 0x0000000004f33000 	C:\Program Files\Java\jdk1.8.0_151\jre\bin\api-ms-win-core-interlocked-l1-1-0.dll
0x0000000004f40000 - 0x0000000004f43000 	C:\Program Files\Java\jdk1.8.0_151\jre\bin\api-ms-win-core-libraryloader-l1-1-0.dll
0x0000000005060000 - 0x0000000005063000 	C:\Program Files\Java\jdk1.8.0_151\jre\bin\api-ms-win-core-localization-l1-2-0.dll
0x0000000005070000 - 0x0000000005073000 	C:\Program Files\Java\jdk1.8.0_151\jre\bin\api-ms-win-core-memory-l1-1-0.dll
0x0000000005080000 - 0x0000000005083000 	C:\Program Files\Java\jdk1.8.0_151\jre\bin\api-ms-win-core-namedpipe-l1-1-0.dll
0x0000000005090000 - 0x0000000005093000 	C:\Program Files\Java\jdk1.8.0_151\jre\bin\api-ms-win-core-processenvironment-l1-1-0.dll
0x00000000050a0000 - 0x00000000050a3000 	C:\Program Files\Java\jdk1.8.0_151\jre\bin\api-ms-win-core-processthreads-l1-1-0.dll
0x00000000050b0000 - 0x00000000050b3000 	C:\Program Files\Java\jdk1.8.0_151\jre\bin\api-ms-win-core-processthreads-l1-1-1.dll
0x00000000050c0000 - 0x00000000050c3000 	C:\Program Files\Java\jdk1.8.0_151\jre\bin\api-ms-win-core-profile-l1-1-0.dll
0x00000000050d0000 - 0x00000000050d3000 	C:\Program Files\Java\jdk1.8.0_151\jre\bin\api-ms-win-core-rtlsupport-l1-1-0.dll
0x00000000050e0000 - 0x00000000050e3000 	C:\Program Files\Java\jdk1.8.0_151\jre\bin\api-ms-win-core-string-l1-1-0.dll
0x00000000050f0000 - 0x00000000050f3000 	C:\Program Files\Java\jdk1.8.0_151\jre\bin\api-ms-win-core-synch-l1-1-0.dll
0x0000000005100000 - 0x0000000005103000 	C:\Program Files\Java\jdk1.8.0_151\jre\bin\api-ms-win-core-synch-l1-2-0.dll
0x0000000005110000 - 0x0000000005113000 	C:\Program Files\Java\jdk1.8.0_151\jre\bin\api-ms-win-core-sysinfo-l1-1-0.dll
0x0000000005120000 - 0x0000000005123000 	C:\Program Files\Java\jdk1.8.0_151\jre\bin\api-ms-win-core-timezone-l1-1-0.dll
0x0000000005130000 - 0x0000000005133000 	C:\Program Files\Java\jdk1.8.0_151\jre\bin\api-ms-win-core-util-l1-1-0.dll
0x000000001a0f0000 - 0x000000001a0f3000 	C:\Program Files\Java\jdk1.8.0_151\jre\bin\api-ms-win-crt-conio-l1-1-0.dll
0x000000001a100000 - 0x000000001a104000 	C:\Program Files\Java\jdk1.8.0_151\jre\bin\api-ms-win-crt-convert-l1-1-0.dll
0x000000001a110000 - 0x000000001a113000 	C:\Program Files\Java\jdk1.8.0_151\jre\bin\api-ms-win-crt-environment-l1-1-0.dll
0x000000001a120000 - 0x000000001a123000 	C:\Program Files\Java\jdk1.8.0_151\jre\bin\api-ms-win-crt-filesystem-l1-1-0.dll
0x000000001a130000 - 0x000000001a133000 	C:\Program Files\Java\jdk1.8.0_151\jre\bin\api-ms-win-crt-heap-l1-1-0.dll
0x000000001a140000 - 0x000000001a143000 	C:\Program Files\Java\jdk1.8.0_151\jre\bin\api-ms-win-crt-locale-l1-1-0.dll
0x000000001a150000 - 0x000000001a155000 	C:\Program Files\Java\jdk1.8.0_151\jre\bin\api-ms-win-crt-math-l1-1-0.dll
0x000000001a160000 - 0x000000001a165000 	C:\Program Files\Java\jdk1.8.0_151\jre\bin\api-ms-win-crt-multibyte-l1-1-0.dll
0x000000001a170000 - 0x000000001a180000 	C:\Program Files\Java\jdk1.8.0_151\jre\bin\api-ms-win-crt-private-l1-1-0.dll
0x000000001a180000 - 0x000000001a183000 	C:\Program Files\Java\jdk1.8.0_151\jre\bin\api-ms-win-crt-process-l1-1-0.dll
0x000000001a190000 - 0x000000001a194000 	C:\Program Files\Java\jdk1.8.0_151\jre\bin\api-ms-win-crt-runtime-l1-1-0.dll
0x000000001a1a0000 - 0x000000001a1a4000 	C:\Program Files\Java\jdk1.8.0_151\jre\bin\api-ms-win-crt-stdio-l1-1-0.dll
0x000000001a1b0000 - 0x000000001a1b4000 	C:\Program Files\Java\jdk1.8.0_151\jre\bin\api-ms-win-crt-string-l1-1-0.dll
0x000000001a1c0000 - 0x000000001a1c3000 	C:\Program Files\Java\jdk1.8.0_151\jre\bin\api-ms-win-crt-time-l1-1-0.dll
0x000000001a1d0000 - 0x000000001a1d3000 	C:\Program Files\Java\jdk1.8.0_151\jre\bin\api-ms-win-crt-utility-l1-1-0.dll
0x00007fffb1a50000 - 0x00007fffb1b46000 	C:\Program Files\Java\jdk1.8.0_151\jre\bin\ucrtbase.dll
0x00007fffb3bb0000 - 0x00007fffb3c01000 	C:\Program Files\Java\jdk1.8.0_151\jre\bin\concrt140.dll
0x00007fffb4640000 - 0x00007fffb4656000 	C:\Program Files\Java\jdk1.8.0_151\jre\bin\VCRUNTIME140.dll
0x00007fffb19b0000 - 0x00007fffb1a4c000 	C:\Program Files\Java\jdk1.8.0_151\jre\bin\MSVCP140.dll
0x000000005c390000 - 0x000000005c3b3000 	C:\Program Files\Java\jdk1.8.0_151\jre\bin\prism_d3d.dll
0x00007fffa5590000 - 0x00007fffa5725000 	C:\Windows\system32\d3d9.dll
0x00007fffb6db0000 - 0x00007fffb6dda000 	C:\Windows\SYSTEM32\dwmapi.dll
0x00007fffb6cd0000 - 0x00007fffb6d65000 	C:\Windows\system32\uxtheme.dll
0x00007fff8b5a0000 - 0x00007fff8dadd000 	C:\Windows\SYSTEM32\igdumdim64.dll
0x00007fffbac30000 - 0x00007fffbacf5000 	C:\Windows\System32\OLEAUT32.dll
0x00007fffbaab0000 - 0x00007fffbabf9000 	C:\Windows\System32\ole32.dll
0x00007fffba540000 - 0x00007fffba98e000 	C:\Windows\System32\SETUPAPI.dll
0x000000005c340000 - 0x000000005c389000 	C:\Program Files\Java\jdk1.8.0_151\jre\bin\glass.dll
0x00007fffbae30000 - 0x00007fffbaf3a000 	C:\Windows\System32\COMDLG32.dll
0x00007fffba170000 - 0x00007fffba2d7000 	C:\Windows\System32\MSCTF.dll
0x00007fffa68c0000 - 0x00007fffa7300000 	C:\Windows\SYSTEM32\igdusc64.dll
0x000000005c320000 - 0x000000005c334000 	C:\Program Files\Java\jdk1.8.0_151\jre\bin\javafx_font.dll
0x00007fffa6400000 - 0x00007fffa670f000 	C:\Windows\SYSTEM32\dwrite.dll
0x00007fffbaf50000 - 0x00007fffbafee000 	C:\Windows\System32\clbcatq.dll
0x00007fffaa7b0000 - 0x00007fffaa95b000 	C:\Windows\SYSTEM32\WindowsCodecs.dll
0x00007fff97f70000 - 0x00007fff97fbf000 	C:\Windows\system32\dataexchange.dll
0x00007fffb64a0000 - 0x00007fffb65e2000 	C:\Windows\system32\dcomp.dll
0x00007fffb5ca0000 - 0x00007fffb5f82000 	C:\Windows\system32\d3d11.dll
0x00007fffb7760000 - 0x00007fffb780f000 	C:\Windows\system32\dxgi.dll
0x00007fffb6e40000 - 0x00007fffb6fbb000 	C:\Windows\system32\twinapi.appcore.dll
0x00007fffb6e20000 - 0x00007fffb6e40000 	C:\Windows\system32\RMCLIENT.dll
0x00007fffb83f0000 - 0x00007fffb8415000 	C:\Windows\system32\bcrypt.dll
0x00007fffa50e0000 - 0x00007fffa5114000 	C:\Program Files\Common Files\Microsoft Shared\Ink\rtscom.dll
0x00007fffaa4a0000 - 0x00007fffaa538000 	C:\Windows\System32\TextInputFramework.dll
0x00007fffa9f00000 - 0x00007fffaa1ee000 	C:\Windows\System32\CoreUIComponents.dll
0x00007fffb63c0000 - 0x00007fffb649d000 	C:\Windows\System32\CoreMessaging.dll
0x00007fffb7a30000 - 0x00007fffb7a61000 	C:\Windows\SYSTEM32\ntmarta.dll
0x00007fffb5110000 - 0x00007fffb5246000 	C:\Windows\SYSTEM32\wintypes.dll

VM Arguments:
jvm_args: -Dfile.encoding=UTF-8 
java_command: C:\Users\Anmol\Documents\NetBeansProjects\JavaFXApplication9CheckBox\dist\run2002469814\JavaFXApplication9CheckBox.jar
java_class_path (initial): C:\Users\Anmol\Documents\NetBeansProjects\JavaFXApplication9CheckBox\dist\run2002469814\JavaFXApplication9CheckBox.jar
Launcher Type: SUN_STANDARD

Environment Variables:
PATH=C:\app\Anmol\product\11.2.0\dbhome_1\bin;C:\ProgramData\Oracle\Java\javapath;C:\Program Files (x86)\Intel\iCLS Client\;C:\Program Files\Intel\iCLS Client\;C:\Windows\system32;C:\Windows;C:\Windows\System32\Wbem;C:\Windows\System32\WindowsPowerShell\v1.0\;C:\Users\Anmol\AppData\Local\Microsoft\WindowsApps;C:\Users\Anmol\AppData\Local\GitHubDesktop\bin
USERNAME=Anmol
OS=Windows_NT
PROCESSOR_IDENTIFIER=Intel64 Family 6 Model 69 Stepping 1, GenuineIntel



---------------  S Y S T E M  ---------------

OS: Windows 10.0 , 64 bit Build 16299 (10.0.16299.15)

CPU:total 4 (initial active 4) (2 cores per cpu, 2 threads per core) family 6 model 69 stepping 1, cmov, cx8, fxsr, mmx, sse, sse2, sse3, ssse3, sse4.1, sse4.2, popcnt, avx, avx2, aes, clmul, erms, lzcnt, ht, tsc, tscinvbit, bmi1, bmi2

Memory: 4k page, physical 4133136k(517088k free), swap 8540684k(5192k free)

vm_info: Java HotSpot(TM) 64-Bit Server VM (25.151-b12) for windows-amd64 JRE (1.8.0_151-b12), built on Sep  5 2017 19:33:46 by "java_re" with MS VC++ 10.0 (VS2010)

time: Thu Nov 16 22:07:59 2017
elapsed time: 1 seconds (0d 0h 0m 1s)

