#
# There is insufficient memory for the Java Runtime Environment to continue.
# Native memory allocation (malloc) failed to allocate 1425136 bytes for Chunk::new
# Possible reasons:
#   The system is out of physical RAM or swap space
#   In 32 bit mode, the process size limit was hit
# Possible solutions:
#   Reduce memory load on the system
#   Increase physical memory or swap space
#   Check if swap backing store is full
#   Use 64 bit Java on a 64 bit OS
#   Decrease Java heap size (-Xmx/-Xms)
#   Decrease number of Java threads
#   Decrease Java thread stack sizes (-Xss)
#   Set larger code cache with -XX:ReservedCodeCacheSize=
# This output file may be truncated or incomplete.
#
#  Out of Memory Error (allocation.cpp:390), pid=1044, tid=0x000000000000128c
#
# JRE version: Java(TM) SE Runtime Environment (8.0_151-b12) (build 1.8.0_151-b12)
# Java VM: Java HotSpot(TM) 64-Bit Server VM (25.151-b12 mixed mode windows-amd64 compressed oops)
# Failed to write core dump. Minidumps are not enabled by default on client versions of Windows
#

---------------  T H R E A D  ---------------

Current thread (0x0000000017ac2000):  JavaThread "C2 CompilerThread1" daemon [_thread_in_native, id=4748, stack(0x0000000019230000,0x0000000019330000)]

Stack: [0x0000000019230000,0x0000000019330000]
[error occurred during error reporting (printing stack bounds), id 0xc0000005]

Native frames: (J=compiled Java code, j=interpreted, Vv=VM code, C=native code)


Current CompileTask:
C2:   8094 2658   !   4       javafx.scene.CssStyleHelper::transitionToState (1075 bytes)


---------------  P R O C E S S  ---------------

Java Threads: ( => current thread )
  0x000000001a06c000 JavaThread "Prism Font Disposer" daemon [_thread_blocked, id=7780, stack(0x0000000021930000,0x0000000021a30000)]
  0x0000000019c78800 JavaThread "Thread-3" daemon [_thread_in_native, id=4268, stack(0x000000001edd0000,0x000000001eed0000)]
  0x0000000019c4f000 JavaThread "JavaFX-Launcher" [_thread_blocked, id=8132, stack(0x000000001eed0000,0x000000001efd0000)]
  0x000000001982c800 JavaThread "JavaFX Application Thread" [_thread_in_native, id=2224, stack(0x000000001a710000,0x000000001a810000)]
  0x0000000019824000 JavaThread "Thread-1" daemon [_thread_blocked, id=2576, stack(0x000000001a610000,0x000000001a710000)]
  0x00000000197e7000 JavaThread "QuantumRenderer-0" daemon [_thread_blocked, id=6040, stack(0x000000001a3f0000,0x000000001a4f0000)]
  0x000000001945b000 JavaThread "Service Thread" daemon [_thread_blocked, id=5780, stack(0x0000000019830000,0x0000000019930000)]
  0x0000000017ac5000 JavaThread "C1 CompilerThread2" daemon [_thread_blocked, id=6180, stack(0x0000000019330000,0x0000000019430000)]
=>0x0000000017ac2000 JavaThread "C2 CompilerThread1" daemon [_thread_in_native, id=4748, stack(0x0000000019230000,0x0000000019330000)]
  0x0000000017abe800 JavaThread "C2 CompilerThread0" daemon [_thread_in_native, id=2484, stack(0x0000000019130000,0x0000000019230000)]
  0x0000000017abd800 JavaThread "Attach Listener" daemon [_thread_blocked, id=8376, stack(0x0000000019030000,0x0000000019130000)]
  0x0000000017abc000 JavaThread "Signal Dispatcher" daemon [_thread_blocked, id=9280, stack(0x0000000018f30000,0x0000000019030000)]
  0x0000000017aaa000 JavaThread "Finalizer" daemon [_thread_blocked, id=6928, stack(0x0000000018d40000,0x0000000018e40000)]
  0x0000000017a88800 JavaThread "Reference Handler" daemon [_thread_blocked, id=5772, stack(0x0000000018c40000,0x0000000018d40000)]
  0x0000000005370800 JavaThread "main" [_thread_blocked, id=2076, stack(0x0000000005170000,0x0000000005270000)]

Other Threads:
  0x0000000017a87000 VMThread [stack: 0x0000000018b40000,0x0000000018c40000] [id=8840]
  0x0000000017adc800 WatcherThread [stack: 0x0000000019930000,0x0000000019a30000] [id=6704]

VM state:not at safepoint (normal execution)

VM Mutex/Monitor currently owned by a thread: None

Heap:
 PSYoungGen      total 18944K, used 624K [0x00000000eaf80000, 0x00000000ec480000, 0x0000000100000000)
  eden space 16384K, 3% used [0x00000000eaf80000,0x00000000eb01c398,0x00000000ebf80000)
  from space 2560K, 0% used [0x00000000ec200000,0x00000000ec200000,0x00000000ec480000)
  to   space 2560K, 0% used [0x00000000ebf80000,0x00000000ebf80000,0x00000000ec200000)
 ParOldGen       total 44032K, used 12106K [0x00000000c0e00000, 0x00000000c3900000, 0x00000000eaf80000)
  object space 44032K, 27% used [0x00000000c0e00000,0x00000000c19d2958,0x00000000c3900000)
 Metaspace       used 20211K, capacity 21380K, committed 21552K, reserved 1067008K
  class space    used 2832K, capacity 3099K, committed 3120K, reserved 1048576K

Card table byte_map: [0x0000000014830000,0x0000000014a30000] byte_map_base: 0x0000000014229000

Marking Bits: (ParMarkBitMap*) 0x000000005dcfd850
 Begin Bits: [0x0000000014f90000, 0x0000000015f58000)
 End Bits:   [0x0000000015f58000, 0x0000000016f20000)

Polling page: 0x0000000003440000

CodeCache: size=245760Kb used=8995Kb max_used=9007Kb free=236764Kb
 bounds [0x0000000005470000, 0x0000000005d40000, 0x0000000014470000]
 total_blobs=3496 nmethods=2829 adapters=579
 compilation: enabled

Compilation events (10 events):
Event: 7.922 Thread 0x0000000017ac5000 2831       3       java.util.Hashtable$Enumerator::hasNext (5 bytes)
Event: 7.923 Thread 0x0000000017ac5000 nmethod 2831 0x0000000005d2afd0 code [0x0000000005d2b140, 0x0000000005d2b2c8]
Event: 7.923 Thread 0x0000000017ac5000 2832       3       java.util.Hashtable$Enumerator::next (27 bytes)
Event: 7.923 Thread 0x0000000017ac5000 nmethod 2832 0x0000000005d2aad0 code [0x0000000005d2ac60, 0x0000000005d2aeb8]
Event: 7.924 Thread 0x0000000017ac5000 2833       3       java.util.zip.ZStreamRef::address (5 bytes)
Event: 7.924 Thread 0x0000000017ac5000 nmethod 2833 0x0000000005d28010 code [0x0000000005d28160, 0x0000000005d282b0]
Event: 7.925 Thread 0x0000000017abe800 nmethod 2826 0x0000000005d3ef10 code [0x0000000005d3f060, 0x0000000005d3f5f8]
Event: 7.925 Thread 0x0000000017abe800 2828       4       java.util.Properties::loadConvert (505 bytes)
Event: 8.086 Thread 0x0000000017ac5000 2834       3       java.util.concurrent.atomic.AtomicLong::addAndGet (14 bytes)
Event: 8.086 Thread 0x0000000017ac5000 nmethod 2834 0x0000000005d2a7d0 code [0x0000000005d2a920, 0x0000000005d2aa70]

GC Heap History (10 events):
Event: 1.188 GC heap before
{Heap before GC invocations=1 (full 0):
 PSYoungGen      total 18944K, used 16384K [0x00000000eaf80000, 0x00000000ec480000, 0x0000000100000000)
  eden space 16384K, 100% used [0x00000000eaf80000,0x00000000ebf80000,0x00000000ebf80000)
  from space 2560K, 0% used [0x00000000ec200000,0x00000000ec200000,0x00000000ec480000)
  to   space 2560K, 0% used [0x00000000ebf80000,0x00000000ebf80000,0x00000000ec200000)
 ParOldGen       total 44032K, used 0K [0x00000000c0e00000, 0x00000000c3900000, 0x00000000eaf80000)
  object space 44032K, 0% used [0x00000000c0e00000,0x00000000c0e00000,0x00000000c3900000)
 Metaspace       used 10612K, capacity 10976K, committed 11264K, reserved 1058816K
  class space    used 1329K, capacity 1432K, committed 1536K, reserved 1048576K
Event: 1.195 GC heap after
Heap after GC invocations=1 (full 0):
 PSYoungGen      total 18944K, used 2544K [0x00000000eaf80000, 0x00000000ec480000, 0x0000000100000000)
  eden space 16384K, 0% used [0x00000000eaf80000,0x00000000eaf80000,0x00000000ebf80000)
  from space 2560K, 99% used [0x00000000ebf80000,0x00000000ec1fc030,0x00000000ec200000)
  to   space 2560K, 0% used [0x00000000ec200000,0x00000000ec200000,0x00000000ec480000)
 ParOldGen       total 44032K, used 681K [0x00000000c0e00000, 0x00000000c3900000, 0x00000000eaf80000)
  object space 44032K, 1% used [0x00000000c0e00000,0x00000000c0eaa5e0,0x00000000c3900000)
 Metaspace       used 10612K, capacity 10976K, committed 11264K, reserved 1058816K
  class space    used 1329K, capacity 1432K, committed 1536K, reserved 1048576K
}
Event: 1.950 GC heap before
{Heap before GC invocations=2 (full 0):
 PSYoungGen      total 18944K, used 18928K [0x00000000eaf80000, 0x00000000ec480000, 0x0000000100000000)
  eden space 16384K, 100% used [0x00000000eaf80000,0x00000000ebf80000,0x00000000ebf80000)
  from space 2560K, 99% used [0x00000000ebf80000,0x00000000ec1fc030,0x00000000ec200000)
  to   space 2560K, 0% used [0x00000000ec200000,0x00000000ec200000,0x00000000ec480000)
 ParOldGen       total 44032K, used 681K [0x00000000c0e00000, 0x00000000c3900000, 0x00000000eaf80000)
  object space 44032K, 1% used [0x00000000c0e00000,0x00000000c0eaa5e0,0x00000000c3900000)
 Metaspace       used 15996K, capacity 16974K, committed 17152K, reserved 1064960K
  class space    used 2355K, capacity 2545K, committed 2560K, reserved 1048576K
Event: 1.957 GC heap after
Heap after GC invocations=2 (full 0):
 PSYoungGen      total 18944K, used 2528K [0x00000000eaf80000, 0x00000000ec480000, 0x0000000100000000)
  eden space 16384K, 0% used [0x00000000eaf80000,0x00000000eaf80000,0x00000000ebf80000)
  from space 2560K, 98% used [0x00000000ec200000,0x00000000ec478020,0x00000000ec480000)
  to   space 2560K, 0% used [0x00000000ebf80000,0x00000000ebf80000,0x00000000ec200000)
 ParOldGen       total 44032K, used 2726K [0x00000000c0e00000, 0x00000000c3900000, 0x00000000eaf80000)
  object space 44032K, 6% used [0x00000000c0e00000,0x00000000c10a9a38,0x00000000c3900000)
 Metaspace       used 15996K, capacity 16974K, committed 17152K, reserved 1064960K
  class space    used 2355K, capacity 2545K, committed 2560K, reserved 1048576K
}
Event: 4.185 GC heap before
{Heap before GC invocations=3 (full 0):
 PSYoungGen      total 18944K, used 18912K [0x00000000eaf80000, 0x00000000ec480000, 0x0000000100000000)
  eden space 16384K, 100% used [0x00000000eaf80000,0x00000000ebf80000,0x00000000ebf80000)
  from space 2560K, 98% used [0x00000000ec200000,0x00000000ec478020,0x00000000ec480000)
  to   space 2560K, 0% used [0x00000000ebf80000,0x00000000ebf80000,0x00000000ec200000)
 ParOldGen       total 44032K, used 2726K [0x00000000c0e00000, 0x00000000c3900000, 0x00000000eaf80000)
  object space 44032K, 6% used [0x00000000c0e00000,0x00000000c10a9a38,0x00000000c3900000)
 Metaspace       used 18185K, capacity 19352K, committed 19584K, reserved 1067008K
  class space    used 2574K, capacity 2824K, committed 2944K, reserved 1048576K
Event: 4.214 GC heap after
Heap after GC invocations=3 (full 0):
 PSYoungGen      total 18944K, used 2528K [0x00000000eaf80000, 0x00000000ec480000, 0x0000000100000000)
  eden space 16384K, 0% used [0x00000000eaf80000,0x00000000eaf80000,0x00000000ebf80000)
  from space 2560K, 98% used [0x00000000ebf80000,0x00000000ec1f8040,0x00000000ec200000)
  to   space 2560K, 0% used [0x00000000ec200000,0x00000000ec200000,0x00000000ec480000)
 ParOldGen       total 44032K, used 9249K [0x00000000c0e00000, 0x00000000c3900000, 0x00000000eaf80000)
  object space 44032K, 21% used [0x00000000c0e00000,0x00000000c17084d8,0x00000000c3900000)
 Metaspace       used 18185K, capacity 19352K, committed 19584K, reserved 1067008K
  class space    used 2574K, capacity 2824K, committed 2944K, reserved 1048576K
}
Event: 7.926 GC heap before
{Heap before GC invocations=4 (full 0):
 PSYoungGen      total 18944K, used 6291K [0x00000000eaf80000, 0x00000000ec480000, 0x0000000100000000)
  eden space 16384K, 22% used [0x00000000eaf80000,0x00000000eb32cf30,0x00000000ebf80000)
  from space 2560K, 98% used [0x00000000ebf80000,0x00000000ec1f8040,0x00000000ec200000)
  to   space 2560K, 0% used [0x00000000ec200000,0x00000000ec200000,0x00000000ec480000)
 ParOldGen       total 44032K, used 9249K [0x00000000c0e00000, 0x00000000c3900000, 0x00000000eaf80000)
  object space 44032K, 21% used [0x00000000c0e00000,0x00000000c17084d8,0x00000000c3900000)
 Metaspace       used 20036K, capacity 21188K, committed 21296K, reserved 1067008K
  class space    used 2815K, capacity 3099K, committed 3120K, reserved 1048576K
Event: 7.937 GC heap after
Heap after GC invocations=4 (full 0):
 PSYoungGen      total 18944K, used 2528K [0x00000000eaf80000, 0x00000000ec480000, 0x0000000100000000)
  eden space 16384K, 0% used [0x00000000eaf80000,0x00000000eaf80000,0x00000000ebf80000)
  from space 2560K, 98% used [0x00000000ec200000,0x00000000ec478020,0x00000000ec480000)
  to   space 2560K, 0% used [0x00000000ebf80000,0x00000000ebf80000,0x00000000ec200000)
 ParOldGen       total 44032K, used 10004K [0x00000000c0e00000, 0x00000000c3900000, 0x00000000eaf80000)
  object space 44032K, 22% used [0x00000000c0e00000,0x00000000c17c5208,0x00000000c3900000)
 Metaspace       used 20036K, capacity 21188K, committed 21296K, reserved 1067008K
  class space    used 2815K, capacity 3099K, committed 3120K, reserved 1048576K
}
Event: 7.937 GC heap before
{Heap before GC invocations=5 (full 1):
 PSYoungGen      total 18944K, used 2528K [0x00000000eaf80000, 0x00000000ec480000, 0x0000000100000000)
  eden space 16384K, 0% used [0x00000000eaf80000,0x00000000eaf80000,0x00000000ebf80000)
  from space 2560K, 98% used [0x00000000ec200000,0x00000000ec478020,0x00000000ec480000)
  to   space 2560K, 0% used [0x00000000ebf80000,0x00000000ebf80000,0x00000000ec200000)
 ParOldGen       total 44032K, used 10004K [0x00000000c0e00000, 0x00000000c3900000, 0x00000000eaf80000)
  object space 44032K, 22% used [0x00000000c0e00000,0x00000000c17c5208,0x00000000c3900000)
 Metaspace       used 20036K, capacity 21188K, committed 21296K, reserved 1067008K
  class space    used 2815K, capacity 3099K, committed 3120K, reserved 1048576K
Event: 8.085 GC heap after
Heap after GC invocations=5 (full 1):
 PSYoungGen      total 18944K, used 0K [0x00000000eaf80000, 0x00000000ec480000, 0x0000000100000000)
  eden space 16384K, 0% used [0x00000000eaf80000,0x00000000eaf80000,0x00000000ebf80000)
  from space 2560K, 0% used [0x00000000ec200000,0x00000000ec200000,0x00000000ec480000)
  to   space 2560K, 0% used [0x00000000ebf80000,0x00000000ebf80000,0x00000000ec200000)
 ParOldGen       total 44032K, used 12106K [0x00000000c0e00000, 0x00000000c3900000, 0x00000000eaf80000)
  object space 44032K, 27% used [0x00000000c0e00000,0x00000000c19d2958,0x00000000c3900000)
 Metaspace       used 20036K, capacity 21188K, committed 21296K, reserved 1067008K
  class space    used 2815K, capacity 3099K, committed 3120K, reserved 1048576K
}

Deoptimization events (10 events):
Event: 7.677 Thread 0x000000001982c800 Uncommon trap: reason=unstable_if action=reinterpret pc=0x00000000057f5528 method=jdk.internal.org.objectweb.asm.Type.getArgumentsAndReturnSizes(Ljava/lang/String;)I @ 47
Event: 7.686 Thread 0x000000001982c800 Uncommon trap: reason=unstable_if action=reinterpret pc=0x0000000005abb27c method=javafx.scene.Node.impl_geomChanged()V @ 4
Event: 7.686 Thread 0x000000001982c800 Uncommon trap: reason=unstable_if action=reinterpret pc=0x0000000005aa2c08 method=javafx.scene.Node.transformedBoundsChanged()V @ 4
Event: 7.761 Thread 0x000000001982c800 Uncommon trap: reason=unstable_if action=reinterpret pc=0x0000000005743110 method=java.lang.AbstractStringBuilder.append(Ljava/lang/String;)Ljava/lang/AbstractStringBuilder; @ 1
Event: 7.804 Thread 0x000000001982c800 Uncommon trap: reason=unstable_if action=reinterpret pc=0x00000000057291ac method=java.lang.String.indexOf([CII[CIII)I @ 3
Event: 7.839 Thread 0x000000001982c800 Uncommon trap: reason=class_check action=maybe_recompile pc=0x0000000005842674 method=java.util.HashMap.putVal(ILjava/lang/Object;Ljava/lang/Object;ZZ)Ljava/lang/Object; @ 253
Event: 7.849 Thread 0x000000001982c800 Uncommon trap: reason=class_check action=maybe_recompile pc=0x0000000005842674 method=java.util.HashMap.putVal(ILjava/lang/Object;Ljava/lang/Object;ZZ)Ljava/lang/Object; @ 253
Event: 7.863 Thread 0x000000001982c800 Uncommon trap: reason=class_check action=maybe_recompile pc=0x0000000005842674 method=java.util.HashMap.putVal(ILjava/lang/Object;Ljava/lang/Object;ZZ)Ljava/lang/Object; @ 253
Event: 7.863 Thread 0x000000001982c800 Uncommon trap: reason=class_check action=maybe_recompile pc=0x0000000005842674 method=java.util.HashMap.putVal(ILjava/lang/Object;Ljava/lang/Object;ZZ)Ljava/lang/Object; @ 253
Event: 7.871 Thread 0x000000001982c800 Uncommon trap: reason=class_check action=maybe_recompile pc=0x000000000583518c method=java.util.HashMap.putVal(ILjava/lang/Object;Ljava/lang/Object;ZZ)Ljava/lang/Object; @ 253

Internal exceptions (10 events):
Event: 2.202 Thread 0x000000001982c800 Implicit null exception at 0x0000000005884f67 to 0x00000000058856c9
Event: 7.761 Thread 0x000000001982c800 Implicit null exception at 0x0000000005742d56 to 0x00000000057430f9
Event: 7.855 Thread 0x000000001982c800 Exception <a 'java/lang/ArrayIndexOutOfBoundsException'> (0x00000000eb199288) thrown at [C:\re\workspace\8-2-build-windows-amd64-cygwin\jdk8u151\9699\hotspot\src\share\vm\runtime\sharedRuntime.cpp, line 605]
Event: 7.856 Thread 0x000000001982c800 Exception <a 'java/lang/ArrayIndexOutOfBoundsException'> (0x00000000eb19a718) thrown at [C:\re\workspace\8-2-build-windows-amd64-cygwin\jdk8u151\9699\hotspot\src\share\vm\runtime\sharedRuntime.cpp, line 605]
Event: 7.857 Thread 0x000000001982c800 Exception <a 'java/lang/ArrayIndexOutOfBoundsException'> (0x00000000eb19c0f0) thrown at [C:\re\workspace\8-2-build-windows-amd64-cygwin\jdk8u151\9699\hotspot\src\share\vm\runtime\sharedRuntime.cpp, line 605]
Event: 7.868 Thread 0x000000001982c800 Exception <a 'java/lang/ArrayIndexOutOfBoundsException'> (0x00000000eb1c2bc8) thrown at [C:\re\workspace\8-2-build-windows-amd64-cygwin\jdk8u151\9699\hotspot\src\share\vm\runtime\sharedRuntime.cpp, line 605]
Event: 7.868 Thread 0x000000001982c800 Exception <a 'java/lang/ArrayIndexOutOfBoundsException'> (0x00000000eb1c3fa0) thrown at [C:\re\workspace\8-2-build-windows-amd64-cygwin\jdk8u151\9699\hotspot\src\share\vm\runtime\sharedRuntime.cpp, line 605]
Event: 7.869 Thread 0x000000001982c800 Exception <a 'java/lang/ArrayIndexOutOfBoundsException'> (0x00000000eb1c5ce8) thrown at [C:\re\workspace\8-2-build-windows-amd64-cygwin\jdk8u151\9699\hotspot\src\share\vm\runtime\sharedRuntime.cpp, line 605]
Event: 7.877 Thread 0x000000001982c800 Exception <a 'java/lang/ArrayIndexOutOfBoundsException'> (0x00000000eb1ebbb0) thrown at [C:\re\workspace\8-2-build-windows-amd64-cygwin\jdk8u151\9699\hotspot\src\share\vm\runtime\sharedRuntime.cpp, line 605]
Event: 7.891 Thread 0x000000001982c800 Exception <a 'java/lang/ArrayIndexOutOfBoundsException'> (0x00000000eb1fb588) thrown at [C:\re\workspace\8-2-build-windows-amd64-cygwin\jdk8u151\9699\hotspot\src\share\vm\runtime\sharedRuntime.cpp, line 605]

Events (10 events):
Event: 8.086 loading class oracle/jdbc/driver/OracleConnection
Event: 8.086 loading class oracle/jdbc/driver/OracleConnection done
Event: 8.087 loading class oracle/jdbc/internal/OracleConnection
Event: 8.087 loading class oracle/jdbc/internal/OracleConnection done
Event: 8.087 loading class oracle/jdbc/OracleConnection
Event: 8.087 loading class oracle/jdbc/OracleConnection done
Event: 8.089 loading class oracle/jdbc/internal/ClientDataSupport
Event: 8.089 loading class oracle/jdbc/internal/ClientDataSupport done
Event: 8.090 loading class oracle/jdbc/OracleConnectionWrapper
Event: 8.090 loading class oracle/jdbc/OracleConnectionWrapper done


Dynamic libraries:
0x00007ff651b50000 - 0x00007ff651b87000 	C:\Program Files\Java\jdk1.8.0_151\jre\bin\java.exe
0x00007fffbc5a0000 - 0x00007fffbc780000 	C:\Windows\SYSTEM32\ntdll.dll
0x00007fffbaff0000 - 0x00007fffbb09e000 	C:\Windows\System32\KERNEL32.DLL
0x00007fffb89a0000 - 0x00007fffb8c06000 	C:\Windows\System32\KERNELBASE.dll
0x00007fffb9c30000 - 0x00007fffb9cd1000 	C:\Windows\System32\ADVAPI32.dll
0x00007fffba0d0000 - 0x00007fffba16d000 	C:\Windows\System32\msvcrt.dll
0x00007fffba340000 - 0x00007fffba39b000 	C:\Windows\System32\sechost.dll
0x00007fffba990000 - 0x00007fffbaaaf000 	C:\Windows\System32\RPCRT4.dll
0x00007fffb9aa0000 - 0x00007fffb9c2f000 	C:\Windows\System32\USER32.dll
0x00007fffb99b0000 - 0x00007fffb99d0000 	C:\Windows\System32\win32u.dll
0x00007fffbb0a0000 - 0x00007fffbb0c8000 	C:\Windows\System32\GDI32.dll
0x00007fffb8da0000 - 0x00007fffb8f34000 	C:\Windows\System32\gdi32full.dll
0x00007fffb99d0000 - 0x00007fffb9a6b000 	C:\Windows\System32\msvcp_win.dll
0x00007fffb98b0000 - 0x00007fffb99a6000 	C:\Windows\System32\ucrtbase.dll
0x00007fff9c1b0000 - 0x00007fff9c419000 	C:\Windows\WinSxS\amd64_microsoft.windows.common-controls_6595b64144ccf1df_6.0.16299.64_none_cc9304e22215ca8f\COMCTL32.dll
0x00007fffb9dc0000 - 0x00007fffba0c8000 	C:\Windows\System32\combase.dll
0x00007fffb8c10000 - 0x00007fffb8c82000 	C:\Windows\System32\bcryptPrimitives.dll
0x00007fffbac00000 - 0x00007fffbac2d000 	C:\Windows\System32\IMM32.DLL
0x000000005d400000 - 0x000000005d4d2000 	C:\Program Files\Java\jdk1.8.0_151\jre\bin\msvcr100.dll
0x000000005d4e0000 - 0x000000005dd7d000 	C:\Program Files\Java\jdk1.8.0_151\jre\bin\server\jvm.dll
0x00007fffb9a70000 - 0x00007fffb9a78000 	C:\Windows\System32\PSAPI.DLL
0x00007fffae200000 - 0x00007fffae209000 	C:\Windows\SYSTEM32\WSOCK32.dll
0x00007fffbad00000 - 0x00007fffbad6c000 	C:\Windows\System32\WS2_32.dll
0x00007fffae280000 - 0x00007fffae2a3000 	C:\Windows\SYSTEM32\WINMM.dll
0x00007fffae250000 - 0x00007fffae25a000 	C:\Windows\SYSTEM32\VERSION.dll
0x00007fffad4d0000 - 0x00007fffad4fa000 	C:\Windows\SYSTEM32\winmmbase.dll
0x00007fffb9110000 - 0x00007fffb915a000 	C:\Windows\System32\cfgmgr32.dll
0x000000005d3b0000 - 0x000000005d3bf000 	C:\Program Files\Java\jdk1.8.0_151\jre\bin\verify.dll
0x000000005d380000 - 0x000000005d3a9000 	C:\Program Files\Java\jdk1.8.0_151\jre\bin\java.dll
0x000000005d360000 - 0x000000005d376000 	C:\Program Files\Java\jdk1.8.0_151\jre\bin\zip.dll
0x00007fffbb0d0000 - 0x00007fffbc507000 	C:\Windows\System32\SHELL32.dll
0x00007fffbad70000 - 0x00007fffbae16000 	C:\Windows\System32\shcore.dll
0x00007fffb9160000 - 0x00007fffb98a7000 	C:\Windows\System32\windows.storage.dll
0x00007fffba2e0000 - 0x00007fffba331000 	C:\Windows\System32\shlwapi.dll
0x00007fffb8930000 - 0x00007fffb8941000 	C:\Windows\System32\kernel.appcore.dll
0x00007fffb8950000 - 0x00007fffb899c000 	C:\Windows\System32\powrprof.dll
0x00007fffb88f0000 - 0x00007fffb890b000 	C:\Windows\System32\profapi.dll
0x00000000052a0000 - 0x00000000052a3000 	C:\Program Files\Java\jdk1.8.0_151\jre\bin\api-ms-win-core-console-l1-1-0.dll
0x00000000052b0000 - 0x00000000052b3000 	C:\Program Files\Java\jdk1.8.0_151\jre\bin\api-ms-win-core-datetime-l1-1-0.dll
0x00000000052c0000 - 0x00000000052c3000 	C:\Program Files\Java\jdk1.8.0_151\jre\bin\api-ms-win-core-debug-l1-1-0.dll
0x00000000052d0000 - 0x00000000052d3000 	C:\Program Files\Java\jdk1.8.0_151\jre\bin\api-ms-win-core-errorhandling-l1-1-0.dll
0x00000000052e0000 - 0x00000000052e4000 	C:\Program Files\Java\jdk1.8.0_151\jre\bin\api-ms-win-core-file-l1-1-0.dll
0x00000000052f0000 - 0x00000000052f3000 	C:\Program Files\Java\jdk1.8.0_151\jre\bin\api-ms-win-core-file-l1-2-0.dll
0x0000000005300000 - 0x0000000005303000 	C:\Program Files\Java\jdk1.8.0_151\jre\bin\api-ms-win-core-file-l2-1-0.dll
0x0000000005310000 - 0x0000000005313000 	C:\Program Files\Java\jdk1.8.0_151\jre\bin\api-ms-win-core-handle-l1-1-0.dll
0x0000000005320000 - 0x0000000005323000 	C:\Program Files\Java\jdk1.8.0_151\jre\bin\api-ms-win-core-heap-l1-1-0.dll
0x0000000005330000 - 0x0000000005333000 	C:\Program Files\Java\jdk1.8.0_151\jre\bin\api-ms-win-core-interlocked-l1-1-0.dll
0x0000000005340000 - 0x0000000005343000 	C:\Program Files\Java\jdk1.8.0_151\jre\bin\api-ms-win-core-libraryloader-l1-1-0.dll
0x0000000005350000 - 0x0000000005353000 	C:\Program Files\Java\jdk1.8.0_151\jre\bin\api-ms-win-core-localization-l1-2-0.dll
0x0000000019a30000 - 0x0000000019a33000 	C:\Program Files\Java\jdk1.8.0_151\jre\bin\api-ms-win-core-memory-l1-1-0.dll
0x0000000019a40000 - 0x0000000019a43000 	C:\Program Files\Java\jdk1.8.0_151\jre\bin\api-ms-win-core-namedpipe-l1-1-0.dll
0x0000000019a50000 - 0x0000000019a53000 	C:\Program Files\Java\jdk1.8.0_151\jre\bin\api-ms-win-core-processenvironment-l1-1-0.dll
0x0000000019a60000 - 0x0000000019a63000 	C:\Program Files\Java\jdk1.8.0_151\jre\bin\api-ms-win-core-processthreads-l1-1-0.dll
0x0000000019a70000 - 0x0000000019a73000 	C:\Program Files\Java\jdk1.8.0_151\jre\bin\api-ms-win-core-processthreads-l1-1-1.dll
0x0000000019a80000 - 0x0000000019a83000 	C:\Program Files\Java\jdk1.8.0_151\jre\bin\api-ms-win-core-profile-l1-1-0.dll
0x0000000019a90000 - 0x0000000019a93000 	C:\Program Files\Java\jdk1.8.0_151\jre\bin\api-ms-win-core-rtlsupport-l1-1-0.dll
0x0000000019aa0000 - 0x0000000019aa3000 	C:\Program Files\Java\jdk1.8.0_151\jre\bin\api-ms-win-core-string-l1-1-0.dll
0x0000000019ab0000 - 0x0000000019ab3000 	C:\Program Files\Java\jdk1.8.0_151\jre\bin\api-ms-win-core-synch-l1-1-0.dll
0x0000000019ac0000 - 0x0000000019ac3000 	C:\Program Files\Java\jdk1.8.0_151\jre\bin\api-ms-win-core-synch-l1-2-0.dll
0x0000000019ad0000 - 0x0000000019ad3000 	C:\Program Files\Java\jdk1.8.0_151\jre\bin\api-ms-win-core-sysinfo-l1-1-0.dll
0x0000000019ae0000 - 0x0000000019ae3000 	C:\Program Files\Java\jdk1.8.0_151\jre\bin\api-ms-win-core-timezone-l1-1-0.dll
0x0000000019af0000 - 0x0000000019af3000 	C:\Program Files\Java\jdk1.8.0_151\jre\bin\api-ms-win-core-util-l1-1-0.dll
0x0000000019b00000 - 0x0000000019b03000 	C:\Program Files\Java\jdk1.8.0_151\jre\bin\api-ms-win-crt-conio-l1-1-0.dll
0x0000000019b10000 - 0x0000000019b14000 	C:\Program Files\Java\jdk1.8.0_151\jre\bin\api-ms-win-crt-convert-l1-1-0.dll
0x0000000019b20000 - 0x0000000019b23000 	C:\Program Files\Java\jdk1.8.0_151\jre\bin\api-ms-win-crt-environment-l1-1-0.dll
0x0000000019b30000 - 0x0000000019b33000 	C:\Program Files\Java\jdk1.8.0_151\jre\bin\api-ms-win-crt-filesystem-l1-1-0.dll
0x0000000019b40000 - 0x0000000019b43000 	C:\Program Files\Java\jdk1.8.0_151\jre\bin\api-ms-win-crt-heap-l1-1-0.dll
0x0000000019b50000 - 0x0000000019b53000 	C:\Program Files\Java\jdk1.8.0_151\jre\bin\api-ms-win-crt-locale-l1-1-0.dll
0x0000000019b60000 - 0x0000000019b65000 	C:\Program Files\Java\jdk1.8.0_151\jre\bin\api-ms-win-crt-math-l1-1-0.dll
0x0000000019b70000 - 0x0000000019b75000 	C:\Program Files\Java\jdk1.8.0_151\jre\bin\api-ms-win-crt-multibyte-l1-1-0.dll
0x0000000019b80000 - 0x0000000019b90000 	C:\Program Files\Java\jdk1.8.0_151\jre\bin\api-ms-win-crt-private-l1-1-0.dll
0x0000000019b90000 - 0x0000000019b93000 	C:\Program Files\Java\jdk1.8.0_151\jre\bin\api-ms-win-crt-process-l1-1-0.dll
0x0000000019ba0000 - 0x0000000019ba4000 	C:\Program Files\Java\jdk1.8.0_151\jre\bin\api-ms-win-crt-runtime-l1-1-0.dll
0x0000000019bb0000 - 0x0000000019bb4000 	C:\Program Files\Java\jdk1.8.0_151\jre\bin\api-ms-win-crt-stdio-l1-1-0.dll
0x0000000019bc0000 - 0x0000000019bc4000 	C:\Program Files\Java\jdk1.8.0_151\jre\bin\api-ms-win-crt-string-l1-1-0.dll
0x0000000019bd0000 - 0x0000000019bd3000 	C:\Program Files\Java\jdk1.8.0_151\jre\bin\api-ms-win-crt-time-l1-1-0.dll
0x0000000019be0000 - 0x0000000019be3000 	C:\Program Files\Java\jdk1.8.0_151\jre\bin\api-ms-win-crt-utility-l1-1-0.dll
0x00007fffa4410000 - 0x00007fffa4506000 	C:\Program Files\Java\jdk1.8.0_151\jre\bin\ucrtbase.dll
0x00007fffb1a40000 - 0x00007fffb1a91000 	C:\Program Files\Java\jdk1.8.0_151\jre\bin\concrt140.dll
0x00007fffb45e0000 - 0x00007fffb45f6000 	C:\Program Files\Java\jdk1.8.0_151\jre\bin\VCRUNTIME140.dll
0x00007fffaa550000 - 0x00007fffaa5ec000 	C:\Program Files\Java\jdk1.8.0_151\jre\bin\MSVCP140.dll
0x000000005cea0000 - 0x000000005cec3000 	C:\Program Files\Java\jdk1.8.0_151\jre\bin\prism_d3d.dll
0x00007fffa13d0000 - 0x00007fffa1565000 	C:\Windows\system32\d3d9.dll
0x00007fffb6db0000 - 0x00007fffb6dda000 	C:\Windows\SYSTEM32\dwmapi.dll
0x00007fffb6cd0000 - 0x00007fffb6d65000 	C:\Windows\system32\uxtheme.dll
0x00007fff84d20000 - 0x00007fff8725d000 	C:\Windows\SYSTEM32\igdumdim64.dll
0x00007fffbac30000 - 0x00007fffbacf5000 	C:\Windows\System32\OLEAUT32.dll
0x00007fffbaab0000 - 0x00007fffbabf9000 	C:\Windows\System32\ole32.dll
0x00007fffba540000 - 0x00007fffba98e000 	C:\Windows\System32\SETUPAPI.dll
0x000000005ce50000 - 0x000000005ce99000 	C:\Program Files\Java\jdk1.8.0_151\jre\bin\glass.dll
0x00007fffbae30000 - 0x00007fffbaf3a000 	C:\Windows\System32\COMDLG32.dll
0x00007fffba170000 - 0x00007fffba2d7000 	C:\Windows\System32\MSCTF.dll
0x00007fffa68c0000 - 0x00007fffa7300000 	C:\Windows\SYSTEM32\igdusc64.dll
0x000000005ce30000 - 0x000000005ce44000 	C:\Program Files\Java\jdk1.8.0_151\jre\bin\javafx_font.dll
0x00007fffa6400000 - 0x00007fffa670f000 	C:\Windows\SYSTEM32\dwrite.dll
0x00007fffbaf50000 - 0x00007fffbafee000 	C:\Windows\System32\clbcatq.dll
0x00007fffaa7b0000 - 0x00007fffaa95b000 	C:\Windows\SYSTEM32\WindowsCodecs.dll
0x00007fff97f70000 - 0x00007fff97fbf000 	C:\Windows\system32\dataexchange.dll
0x00007fffb5ca0000 - 0x00007fffb5f82000 	C:\Windows\system32\d3d11.dll
0x00007fffb64a0000 - 0x00007fffb65e2000 	C:\Windows\system32\dcomp.dll
0x00007fffb7760000 - 0x00007fffb780f000 	C:\Windows\system32\dxgi.dll
0x00007fffb6e40000 - 0x00007fffb6fbb000 	C:\Windows\system32\twinapi.appcore.dll
0x00007fffb83f0000 - 0x00007fffb8415000 	C:\Windows\system32\bcrypt.dll
0x00007fffb6e20000 - 0x00007fffb6e40000 	C:\Windows\system32\RMCLIENT.dll
0x00007fffb0f10000 - 0x00007fffb0f44000 	C:\Program Files\Common Files\Microsoft Shared\Ink\rtscom.dll
0x00007fffaa4a0000 - 0x00007fffaa538000 	C:\Windows\System32\TextInputFramework.dll
0x00007fffb63c0000 - 0x00007fffb649d000 	C:\Windows\System32\CoreMessaging.dll
0x00007fffa9f00000 - 0x00007fffaa1ee000 	C:\Windows\System32\CoreUIComponents.dll
0x00007fffb7a30000 - 0x00007fffb7a61000 	C:\Windows\SYSTEM32\ntmarta.dll
0x00007fffb5110000 - 0x00007fffb5246000 	C:\Windows\SYSTEM32\wintypes.dll
0x000000005ce10000 - 0x000000005ce22000 	C:\Program Files\Java\jdk1.8.0_151\jre\bin\prism_common.dll
0x00007fffb56e0000 - 0x00007fffb5c98000 	C:\Windows\SYSTEM32\d2d1.dll
0x00007fffb8f40000 - 0x00007fffb910e000 	C:\Windows\System32\CRYPT32.dll
0x00007fffb8910000 - 0x00007fffb8922000 	C:\Windows\System32\MSASN1.dll
0x00007fffa19f0000 - 0x00007fffa215c000 	C:\Windows\SYSTEM32\D3D10Warp.dll
0x00007fffb87f0000 - 0x00007fffb8819000 	C:\Windows\SYSTEM32\USERENV.dll
0x000000005d0d0000 - 0x000000005d0dd000 	C:\Program Files\Java\jdk1.8.0_151\jre\bin\management.dll
0x000000005d340000 - 0x000000005d35a000 	C:\Program Files\Java\jdk1.8.0_151\jre\bin\net.dll
0x00007fffb8120000 - 0x00007fffb8186000 	C:\Windows\system32\mswsock.dll
0x000000005d320000 - 0x000000005d331000 	C:\Program Files\Java\jdk1.8.0_151\jre\bin\nio.dll

VM Arguments:
jvm_args: -Dfile.encoding=UTF-8 
java_command: C:\Users\Anmol\Documents\NetBeansProjects\JavaFXApplication9CheckBox\dist\run1159868424\JavaFXApplication9CheckBox.jar
java_class_path (initial): C:\Users\Anmol\Documents\NetBeansProjects\JavaFXApplication9CheckBox\dist\run1159868424\JavaFXApplication9CheckBox.jar
Launcher Type: SUN_STANDARD

Environment Variables:
PATH=C:\app\Anmol\product\11.2.0\dbhome_1\bin;C:\ProgramData\Oracle\Java\javapath;C:\Program Files (x86)\Intel\iCLS Client\;C:\Program Files\Intel\iCLS Client\;C:\Windows\system32;C:\Windows;C:\Windows\System32\Wbem;C:\Windows\System32\WindowsPowerShell\v1.0\;C:\Users\Anmol\AppData\Local\Microsoft\WindowsApps;C:\Users\Anmol\AppData\Local\GitHubDesktop\bin
USERNAME=Anmol
OS=Windows_NT
PROCESSOR_IDENTIFIER=Intel64 Family 6 Model 69 Stepping 1, GenuineIntel



---------------  S Y S T E M  ---------------

OS: Windows 10.0 , 64 bit Build 16299 (10.0.16299.15)

CPU:total 4 (initial active 4) (2 cores per cpu, 2 threads per core) family 6 model 69 stepping 1, cmov, cx8, fxsr, mmx, sse, sse2, sse3, ssse3, sse4.1, sse4.2, popcnt, avx, avx2, aes, clmul, erms, lzcnt, ht, tsc, tscinvbit, bmi1, bmi2

Memory: 4k page, physical 4133136k(216580k free), swap 8540684k(5580k free)

vm_info: Java HotSpot(TM) 64-Bit Server VM (25.151-b12) for windows-amd64 JRE (1.8.0_151-b12), built on Sep  5 2017 19:33:46 by "java_re" with MS VC++ 10.0 (VS2010)

time: Fri Nov 17 00:20:42 2017
elapsed time: 8 seconds (0d 0h 0m 8s)

