#
# There is insufficient memory for the Java Runtime Environment to continue.
# Native memory allocation (malloc) failed to allocate 32744 bytes for ChunkPool::allocate
# Possible reasons:
#   The system is out of physical RAM or swap space
#   In 32 bit mode, the process size limit was hit
# Possible solutions:
#   Reduce memory load on the system
#   Increase physical memory or swap space
#   Check if swap backing store is full
#   Use 64 bit Java on a 64 bit OS
#   Decrease Java heap size (-Xmx/-Xms)
#   Decrease number of Java threads
#   Decrease Java thread stack sizes (-Xss)
#   Set larger code cache with -XX:ReservedCodeCacheSize=
# This output file may be truncated or incomplete.
#
#  Out of Memory Error (allocation.cpp:273), pid=6736, tid=0x000000000000026c
#
# JRE version: Java(TM) SE Runtime Environment (8.0_151-b12) (build 1.8.0_151-b12)
# Java VM: Java HotSpot(TM) 64-Bit Server VM (25.151-b12 mixed mode windows-amd64 compressed oops)
# Failed to write core dump. Minidumps are not enabled by default on client versions of Windows
#

---------------  T H R E A D  ---------------

Current thread (0x00000000173d2000):  JavaThread "C2 CompilerThread1" daemon [_thread_in_vm, id=620, stack(0x0000000018b30000,0x0000000018c30000)]

Stack: [0x0000000018b30000,0x0000000018c30000]
[error occurred during error reporting (printing stack bounds), id 0xc0000005]

Native frames: (J=compiled Java code, j=interpreted, Vv=VM code, C=native code)


Current CompileTask:
C2:  16759 2859 %     4       com.sun.javafx.image.impl.BaseByteToByteConverter$ByteAnyToSameConverter::doConvert @ 0 (39 bytes)


---------------  P R O C E S S  ---------------

Java Threads: ( => current thread )
  0x0000000019a45000 JavaThread "Prism Font Disposer" daemon [_thread_blocked, id=4972, stack(0x0000000022200000,0x0000000022300000)]
  0x0000000019594800 JavaThread "Thread-3" daemon [_thread_in_native, id=372, stack(0x000000001e6d0000,0x000000001e7d0000)]
  0x000000001956e800 JavaThread "JavaFX-Launcher" [_thread_blocked, id=3836, stack(0x000000001e7d0000,0x000000001e8d0000)]
  0x0000000019501800 JavaThread "JavaFX Application Thread" [_thread_in_native, id=8764, stack(0x000000001a000000,0x000000001a100000)]
  0x000000001911c800 JavaThread "Thread-1" daemon [_thread_in_native, id=5140, stack(0x0000000019f00000,0x000000001a000000)]
  0x0000000019125000 JavaThread "QuantumRenderer-0" daemon [_thread_in_Java, id=9768, stack(0x0000000019cf0000,0x0000000019df0000)]
  0x000000001742e800 JavaThread "Service Thread" daemon [_thread_blocked, id=2428, stack(0x0000000019130000,0x0000000019230000)]
  0x00000000173d8800 JavaThread "C1 CompilerThread2" daemon [_thread_blocked, id=6604, stack(0x0000000018c30000,0x0000000018d30000)]
=>0x00000000173d2000 JavaThread "C2 CompilerThread1" daemon [_thread_in_vm, id=620, stack(0x0000000018b30000,0x0000000018c30000)]
  0x00000000173ce000 JavaThread "C2 CompilerThread0" daemon [_thread_in_native, id=1840, stack(0x0000000018a30000,0x0000000018b30000)]
  0x00000000173cc800 JavaThread "Attach Listener" daemon [_thread_blocked, id=2604, stack(0x0000000018930000,0x0000000018a30000)]
  0x00000000173cb000 JavaThread "Signal Dispatcher" daemon [_thread_blocked, id=3572, stack(0x0000000018830000,0x0000000018930000)]
  0x0000000004d7a000 JavaThread "Finalizer" daemon [_thread_blocked, id=10136, stack(0x0000000018640000,0x0000000018740000)]
  0x0000000004d71000 JavaThread "Reference Handler" daemon [_thread_blocked, id=8052, stack(0x0000000018540000,0x0000000018640000)]
  0x0000000004c80800 JavaThread "main" [_thread_blocked, id=6996, stack(0x0000000004ac0000,0x0000000004bc0000)]

Other Threads:
  0x0000000017397800 VMThread [stack: 0x0000000018440000,0x0000000018540000] [id=10036]
  0x0000000018d59800 WatcherThread [stack: 0x0000000019230000,0x0000000019330000] [id=7864]

VM state:not at safepoint (normal execution)

VM Mutex/Monitor currently owned by a thread: None

Heap:
 PSYoungGen      total 35328K, used 20062K [0x00000000eaf80000, 0x00000000ed480000, 0x0000000100000000)
  eden space 32768K, 53% used [0x00000000eaf80000,0x00000000ec09ba18,0x00000000ecf80000)
  from space 2560K, 99% used [0x00000000ed200000,0x00000000ed47c030,0x00000000ed480000)
  to   space 2560K, 0% used [0x00000000ecf80000,0x00000000ecf80000,0x00000000ed200000)
 ParOldGen       total 44032K, used 2834K [0x00000000c0e00000, 0x00000000c3900000, 0x00000000eaf80000)
  object space 44032K, 6% used [0x00000000c0e00000,0x00000000c10c4990,0x00000000c3900000)
 Metaspace       used 18276K, capacity 19360K, committed 19456K, reserved 1067008K
  class space    used 2553K, capacity 2775K, committed 2816K, reserved 1048576K

Card table byte_map: [0x0000000014140000,0x0000000014340000] byte_map_base: 0x0000000013b39000

Marking Bits: (ParMarkBitMap*) 0x000000005dcfd850
 Begin Bits: [0x00000000148a0000, 0x0000000015868000)
 End Bits:   [0x0000000015868000, 0x0000000016830000)

Polling page: 0x0000000002d90000

CodeCache: size=245760Kb used=9247Kb max_used=9247Kb free=236512Kb
 bounds [0x0000000004d80000, 0x0000000005690000, 0x0000000013d80000]
 total_blobs=3500 nmethods=2852 adapters=559
 compilation: enabled

Compilation events (10 events):
Event: 16.729 Thread 0x00000000173d8800 nmethod 2854 0x0000000005689110 code [0x00000000056893c0, 0x000000000568a4e8]
Event: 16.729 Thread 0x00000000173d8800 2855       3       com.sun.scenario.effect.impl.state.BoxRenderState::getInputTransform (5 bytes)
Event: 16.729 Thread 0x00000000173d8800 nmethod 2855 0x000000000568ac10 code [0x000000000568ad60, 0x000000000568aeb0]
Event: 16.730 Thread 0x00000000173d8800 2856       3       com.sun.scenario.effect.impl.state.BoxRenderState::isNop (40 bytes)
Event: 16.730 Thread 0x00000000173d8800 nmethod 2856 0x000000000568af50 code [0x000000000568b0e0, 0x000000000568b3b0]
Event: 16.742 Thread 0x00000000173d8800 2857       3       javafx.scene.Node$14::invalidated (59 bytes)
Event: 16.748 Thread 0x00000000173d8800 nmethod 2857 0x000000000568b450 code [0x000000000568b700, 0x000000000568c9a8]
Event: 16.748 Thread 0x00000000173d8800 2858       3       com.sun.javafx.util.Logging::getInputLogger (18 bytes)
Event: 16.748 Thread 0x00000000173d8800 nmethod 2858 0x000000000568d0d0 code [0x000000000568d240, 0x000000000568d428]
Event: 16.751 Thread 0x00000000173d2000 2859 %     4       com.sun.javafx.image.impl.BaseByteToByteConverter$ByteAnyToSameConverter::doConvert @ 0 (39 bytes)

GC Heap History (4 events):
Event: 1.025 GC heap before
{Heap before GC invocations=1 (full 0):
 PSYoungGen      total 18944K, used 16384K [0x00000000eaf80000, 0x00000000ec480000, 0x0000000100000000)
  eden space 16384K, 100% used [0x00000000eaf80000,0x00000000ebf80000,0x00000000ebf80000)
  from space 2560K, 0% used [0x00000000ec200000,0x00000000ec200000,0x00000000ec480000)
  to   space 2560K, 0% used [0x00000000ebf80000,0x00000000ebf80000,0x00000000ec200000)
 ParOldGen       total 44032K, used 0K [0x00000000c0e00000, 0x00000000c3900000, 0x00000000eaf80000)
  object space 44032K, 0% used [0x00000000c0e00000,0x00000000c0e00000,0x00000000c3900000)
 Metaspace       used 10626K, capacity 11008K, committed 11264K, reserved 1058816K
  class space    used 1333K, capacity 1464K, committed 1536K, reserved 1048576K
Event: 1.041 GC heap after
Heap after GC invocations=1 (full 0):
 PSYoungGen      total 18944K, used 2528K [0x00000000eaf80000, 0x00000000ed480000, 0x0000000100000000)
  eden space 16384K, 0% used [0x00000000eaf80000,0x00000000eaf80000,0x00000000ebf80000)
  from space 2560K, 98% used [0x00000000ebf80000,0x00000000ec1f8020,0x00000000ec200000)
  to   space 2560K, 0% used [0x00000000ed200000,0x00000000ed200000,0x00000000ed480000)
 ParOldGen       total 44032K, used 719K [0x00000000c0e00000, 0x00000000c3900000, 0x00000000eaf80000)
  object space 44032K, 1% used [0x00000000c0e00000,0x00000000c0eb3c90,0x00000000c3900000)
 Metaspace       used 10626K, capacity 11008K, committed 11264K, reserved 1058816K
  class space    used 1333K, capacity 1464K, committed 1536K, reserved 1048576K
}
Event: 1.879 GC heap before
{Heap before GC invocations=2 (full 0):
 PSYoungGen      total 18944K, used 18912K [0x00000000eaf80000, 0x00000000ed480000, 0x0000000100000000)
  eden space 16384K, 100% used [0x00000000eaf80000,0x00000000ebf80000,0x00000000ebf80000)
  from space 2560K, 98% used [0x00000000ebf80000,0x00000000ec1f8020,0x00000000ec200000)
  to   space 2560K, 0% used [0x00000000ed200000,0x00000000ed200000,0x00000000ed480000)
 ParOldGen       total 44032K, used 719K [0x00000000c0e00000, 0x00000000c3900000, 0x00000000eaf80000)
  object space 44032K, 1% used [0x00000000c0e00000,0x00000000c0eb3c90,0x00000000c3900000)
 Metaspace       used 16008K, capacity 16972K, committed 17152K, reserved 1064960K
  class space    used 2353K, capacity 2543K, committed 2560K, reserved 1048576K
Event: 1.887 GC heap after
Heap after GC invocations=2 (full 0):
 PSYoungGen      total 35328K, used 2544K [0x00000000eaf80000, 0x00000000ed480000, 0x0000000100000000)
  eden space 32768K, 0% used [0x00000000eaf80000,0x00000000eaf80000,0x00000000ecf80000)
  from space 2560K, 99% used [0x00000000ed200000,0x00000000ed47c030,0x00000000ed480000)
  to   space 2560K, 0% used [0x00000000ecf80000,0x00000000ecf80000,0x00000000ed200000)
 ParOldGen       total 44032K, used 2834K [0x00000000c0e00000, 0x00000000c3900000, 0x00000000eaf80000)
  object space 44032K, 6% used [0x00000000c0e00000,0x00000000c10c4990,0x00000000c3900000)
 Metaspace       used 16008K, capacity 16972K, committed 17152K, reserved 1064960K
  class space    used 2353K, capacity 2543K, committed 2560K, reserved 1048576K
}

Deoptimization events (10 events):
Event: 1.959 Thread 0x0000000019501800 Uncommon trap: reason=unstable_if action=reinterpret pc=0x0000000005083380 method=sun.net.www.ParseUtil.encodePath(Ljava/lang/String;Z)Ljava/lang/String; @ 109
Event: 1.968 Thread 0x0000000019501800 Uncommon trap: reason=bimorphic action=maybe_recompile pc=0x00000000052475d0 method=com.sun.javafx.css.CompoundSelector.stateMatches(Ljavafx/css/Styleable;Ljava/util/Set;I)Z @ 181
Event: 1.968 Thread 0x0000000019501800 Uncommon trap: reason=bimorphic action=maybe_recompile pc=0x00000000052475d0 method=com.sun.javafx.css.CompoundSelector.stateMatches(Ljavafx/css/Styleable;Ljava/util/Set;I)Z @ 181
Event: 1.969 Thread 0x0000000019501800 Uncommon trap: reason=bimorphic action=maybe_recompile pc=0x00000000052475d0 method=com.sun.javafx.css.CompoundSelector.stateMatches(Ljavafx/css/Styleable;Ljava/util/Set;I)Z @ 181
Event: 1.969 Thread 0x0000000019501800 Uncommon trap: reason=bimorphic action=maybe_recompile pc=0x00000000052475d0 method=com.sun.javafx.css.CompoundSelector.stateMatches(Ljavafx/css/Styleable;Ljava/util/Set;I)Z @ 181
Event: 2.009 Thread 0x0000000019501800 Uncommon trap: reason=unstable_if action=reinterpret pc=0x00000000051dff5c method=com.sun.javafx.css.BitSet.addAll(Ljava/util/Collection;)Z @ 1
Event: 2.189 Thread 0x0000000019501800 Uncommon trap: reason=bimorphic action=maybe_recompile pc=0x00000000052d7040 method=com.sun.javafx.css.CompoundSelector.stateMatches(Ljavafx/css/Styleable;Ljava/util/Set;I)Z @ 160
Event: 2.189 Thread 0x0000000019501800 Uncommon trap: reason=bimorphic action=maybe_recompile pc=0x00000000052d7040 method=com.sun.javafx.css.CompoundSelector.stateMatches(Ljavafx/css/Styleable;Ljava/util/Set;I)Z @ 160
Event: 2.380 Thread 0x0000000019125000 Uncommon trap: reason=unstable_if action=reinterpret pc=0x00000000053a0474 method=java.util.WeakHashMap.eq(Ljava/lang/Object;Ljava/lang/Object;)Z @ 2
Event: 2.399 Thread 0x0000000019125000 Uncommon trap: reason=unstable_if action=reinterpret pc=0x00000000053b7384 method=com.sun.javafx.geom.RectBounds.isEmpty()Z @ 21

Internal exceptions (10 events):
Event: 0.745 Thread 0x0000000019501800 Exception <a 'java/lang/NullPointerException'> (0x00000000ebb041c8) thrown at [C:\re\workspace\8-2-build-windows-amd64-cygwin\jdk8u151\9699\hotspot\src\share\vm\interpreter\linkResolver.cpp, line 1183]
Event: 0.745 Thread 0x0000000019501800 Exception <a 'java/lang/NullPointerException'> (0x00000000ebb041c8) thrown at [C:\re\workspace\8-2-build-windows-amd64-cygwin\jdk8u151\9699\hotspot\src\share\vm\prims\jvm.cpp, line 1394]
Event: 1.094 Thread 0x0000000019501800 Exception <a 'java/lang/ArrayIndexOutOfBoundsException'> (0x00000000eb0a3818) thrown at [C:\re\workspace\8-2-build-windows-amd64-cygwin\jdk8u151\9699\hotspot\src\share\vm\runtime\sharedRuntime.cpp, line 605]
Event: 1.095 Thread 0x0000000019501800 Exception <a 'java/lang/ArrayIndexOutOfBoundsException'> (0x00000000eb0a4518) thrown at [C:\re\workspace\8-2-build-windows-amd64-cygwin\jdk8u151\9699\hotspot\src\share\vm\runtime\sharedRuntime.cpp, line 605]
Event: 1.095 Thread 0x0000000019501800 Exception <a 'java/lang/ArrayIndexOutOfBoundsException'> (0x00000000eb0a58c0) thrown at [C:\re\workspace\8-2-build-windows-amd64-cygwin\jdk8u151\9699\hotspot\src\share\vm\runtime\sharedRuntime.cpp, line 605]
Event: 1.158 Thread 0x0000000019501800 Exception <a 'java/lang/ArrayIndexOutOfBoundsException'> (0x00000000eb1af070) thrown at [C:\re\workspace\8-2-build-windows-amd64-cygwin\jdk8u151\9699\hotspot\src\share\vm\runtime\sharedRuntime.cpp, line 605]
Event: 1.158 Thread 0x0000000019501800 Exception <a 'java/lang/ArrayIndexOutOfBoundsException'> (0x00000000eb1b0070) thrown at [C:\re\workspace\8-2-build-windows-amd64-cygwin\jdk8u151\9699\hotspot\src\share\vm\runtime\sharedRuntime.cpp, line 605]
Event: 1.158 Thread 0x0000000019501800 Exception <a 'java/lang/ArrayIndexOutOfBoundsException'> (0x00000000eb1b18e0) thrown at [C:\re\workspace\8-2-build-windows-amd64-cygwin\jdk8u151\9699\hotspot\src\share\vm\runtime\sharedRuntime.cpp, line 605]
Event: 1.805 Thread 0x0000000019501800 Implicit null exception at 0x0000000005164ce6 to 0x0000000005164d31
Event: 2.009 Thread 0x0000000019501800 Implicit null exception at 0x00000000051dfa31 to 0x00000000051dff45

Events (10 events):
Event: 3.984 loading class com/sun/javafx/sg/prism/NGNode$RenderRootResult
Event: 3.984 loading class com/sun/javafx/sg/prism/NGNode$RenderRootResult done
Event: 3.985 loading class com/sun/scenario/effect/Blend$1
Event: 3.985 loading class com/sun/scenario/effect/Blend$1 done
Event: 3.988 loading class com/sun/prism/shader/Mask_TextureSuper_Loader
Event: 3.988 loading class com/sun/prism/shader/Mask_TextureSuper_Loader done
Event: 4.098 Executing VM operation: EnableBiasedLocking
Event: 4.101 Executing VM operation: EnableBiasedLocking done
Event: 4.899 Executing VM operation: ForceSafepoint
Event: 4.899 Executing VM operation: ForceSafepoint done


Dynamic libraries:
0x00007ff6b26f0000 - 0x00007ff6b2727000 	C:\Program Files\Java\jdk1.8.0_151\jre\bin\java.exe
0x00007fffbc5a0000 - 0x00007fffbc780000 	C:\Windows\SYSTEM32\ntdll.dll
0x00007fffbaff0000 - 0x00007fffbb09e000 	C:\Windows\System32\KERNEL32.DLL
0x00007fffb89a0000 - 0x00007fffb8c06000 	C:\Windows\System32\KERNELBASE.dll
0x00007fffb9c30000 - 0x00007fffb9cd1000 	C:\Windows\System32\ADVAPI32.dll
0x00007fffba0d0000 - 0x00007fffba16d000 	C:\Windows\System32\msvcrt.dll
0x00007fffba340000 - 0x00007fffba39b000 	C:\Windows\System32\sechost.dll
0x00007fffba990000 - 0x00007fffbaaaf000 	C:\Windows\System32\RPCRT4.dll
0x00007fffb9aa0000 - 0x00007fffb9c2f000 	C:\Windows\System32\USER32.dll
0x00007fffb99b0000 - 0x00007fffb99d0000 	C:\Windows\System32\win32u.dll
0x00007fffbb0a0000 - 0x00007fffbb0c8000 	C:\Windows\System32\GDI32.dll
0x00007fffb8da0000 - 0x00007fffb8f34000 	C:\Windows\System32\gdi32full.dll
0x00007fffb99d0000 - 0x00007fffb9a6b000 	C:\Windows\System32\msvcp_win.dll
0x00007fffb98b0000 - 0x00007fffb99a6000 	C:\Windows\System32\ucrtbase.dll
0x00007fff9c1b0000 - 0x00007fff9c419000 	C:\Windows\WinSxS\amd64_microsoft.windows.common-controls_6595b64144ccf1df_6.0.16299.64_none_cc9304e22215ca8f\COMCTL32.dll
0x00007fffb9dc0000 - 0x00007fffba0c8000 	C:\Windows\System32\combase.dll
0x00007fffb8c10000 - 0x00007fffb8c82000 	C:\Windows\System32\bcryptPrimitives.dll
0x00007fffbac00000 - 0x00007fffbac2d000 	C:\Windows\System32\IMM32.DLL
0x000000005d400000 - 0x000000005d4d2000 	C:\Program Files\Java\jdk1.8.0_151\jre\bin\msvcr100.dll
0x000000005d4e0000 - 0x000000005dd7d000 	C:\Program Files\Java\jdk1.8.0_151\jre\bin\server\jvm.dll
0x00007fffb9a70000 - 0x00007fffb9a78000 	C:\Windows\System32\PSAPI.DLL
0x00007fffae200000 - 0x00007fffae209000 	C:\Windows\SYSTEM32\WSOCK32.dll
0x00007fffae280000 - 0x00007fffae2a3000 	C:\Windows\SYSTEM32\WINMM.dll
0x00007fffae250000 - 0x00007fffae25a000 	C:\Windows\SYSTEM32\VERSION.dll
0x00007fffbad00000 - 0x00007fffbad6c000 	C:\Windows\System32\WS2_32.dll
0x00007fffad4d0000 - 0x00007fffad4fa000 	C:\Windows\SYSTEM32\winmmbase.dll
0x00007fffb9110000 - 0x00007fffb915a000 	C:\Windows\System32\cfgmgr32.dll
0x000000005d3b0000 - 0x000000005d3bf000 	C:\Program Files\Java\jdk1.8.0_151\jre\bin\verify.dll
0x000000005d380000 - 0x000000005d3a9000 	C:\Program Files\Java\jdk1.8.0_151\jre\bin\java.dll
0x000000005d360000 - 0x000000005d376000 	C:\Program Files\Java\jdk1.8.0_151\jre\bin\zip.dll
0x00007fffbb0d0000 - 0x00007fffbc507000 	C:\Windows\System32\SHELL32.dll
0x00007fffbad70000 - 0x00007fffbae16000 	C:\Windows\System32\shcore.dll
0x00007fffb9160000 - 0x00007fffb98a7000 	C:\Windows\System32\windows.storage.dll
0x00007fffba2e0000 - 0x00007fffba331000 	C:\Windows\System32\shlwapi.dll
0x00007fffb8930000 - 0x00007fffb8941000 	C:\Windows\System32\kernel.appcore.dll
0x00007fffb8950000 - 0x00007fffb899c000 	C:\Windows\System32\powrprof.dll
0x00007fffb88f0000 - 0x00007fffb890b000 	C:\Windows\System32\profapi.dll
0x0000000004aa0000 - 0x0000000004aa3000 	C:\Program Files\Java\jdk1.8.0_151\jre\bin\api-ms-win-core-console-l1-1-0.dll
0x0000000004bc0000 - 0x0000000004bc3000 	C:\Program Files\Java\jdk1.8.0_151\jre\bin\api-ms-win-core-datetime-l1-1-0.dll
0x0000000004bd0000 - 0x0000000004bd3000 	C:\Program Files\Java\jdk1.8.0_151\jre\bin\api-ms-win-core-debug-l1-1-0.dll
0x0000000004be0000 - 0x0000000004be3000 	C:\Program Files\Java\jdk1.8.0_151\jre\bin\api-ms-win-core-errorhandling-l1-1-0.dll
0x0000000004bf0000 - 0x0000000004bf4000 	C:\Program Files\Java\jdk1.8.0_151\jre\bin\api-ms-win-core-file-l1-1-0.dll
0x0000000004c00000 - 0x0000000004c03000 	C:\Program Files\Java\jdk1.8.0_151\jre\bin\api-ms-win-core-file-l1-2-0.dll
0x0000000004c10000 - 0x0000000004c13000 	C:\Program Files\Java\jdk1.8.0_151\jre\bin\api-ms-win-core-file-l2-1-0.dll
0x0000000004c20000 - 0x0000000004c23000 	C:\Program Files\Java\jdk1.8.0_151\jre\bin\api-ms-win-core-handle-l1-1-0.dll
0x0000000004c30000 - 0x0000000004c33000 	C:\Program Files\Java\jdk1.8.0_151\jre\bin\api-ms-win-core-heap-l1-1-0.dll
0x0000000004c40000 - 0x0000000004c43000 	C:\Program Files\Java\jdk1.8.0_151\jre\bin\api-ms-win-core-interlocked-l1-1-0.dll
0x0000000004c50000 - 0x0000000004c53000 	C:\Program Files\Java\jdk1.8.0_151\jre\bin\api-ms-win-core-libraryloader-l1-1-0.dll
0x0000000004c60000 - 0x0000000004c63000 	C:\Program Files\Java\jdk1.8.0_151\jre\bin\api-ms-win-core-localization-l1-2-0.dll
0x0000000019330000 - 0x0000000019333000 	C:\Program Files\Java\jdk1.8.0_151\jre\bin\api-ms-win-core-memory-l1-1-0.dll
0x0000000019340000 - 0x0000000019343000 	C:\Program Files\Java\jdk1.8.0_151\jre\bin\api-ms-win-core-namedpipe-l1-1-0.dll
0x0000000019350000 - 0x0000000019353000 	C:\Program Files\Java\jdk1.8.0_151\jre\bin\api-ms-win-core-processenvironment-l1-1-0.dll
0x0000000019360000 - 0x0000000019363000 	C:\Program Files\Java\jdk1.8.0_151\jre\bin\api-ms-win-core-processthreads-l1-1-0.dll
0x0000000019370000 - 0x0000000019373000 	C:\Program Files\Java\jdk1.8.0_151\jre\bin\api-ms-win-core-processthreads-l1-1-1.dll
0x0000000019380000 - 0x0000000019383000 	C:\Program Files\Java\jdk1.8.0_151\jre\bin\api-ms-win-core-profile-l1-1-0.dll
0x0000000019390000 - 0x0000000019393000 	C:\Program Files\Java\jdk1.8.0_151\jre\bin\api-ms-win-core-rtlsupport-l1-1-0.dll
0x00000000193a0000 - 0x00000000193a3000 	C:\Program Files\Java\jdk1.8.0_151\jre\bin\api-ms-win-core-string-l1-1-0.dll
0x00000000193b0000 - 0x00000000193b3000 	C:\Program Files\Java\jdk1.8.0_151\jre\bin\api-ms-win-core-synch-l1-1-0.dll
0x00000000193c0000 - 0x00000000193c3000 	C:\Program Files\Java\jdk1.8.0_151\jre\bin\api-ms-win-core-synch-l1-2-0.dll
0x00000000193d0000 - 0x00000000193d3000 	C:\Program Files\Java\jdk1.8.0_151\jre\bin\api-ms-win-core-sysinfo-l1-1-0.dll
0x00000000193e0000 - 0x00000000193e3000 	C:\Program Files\Java\jdk1.8.0_151\jre\bin\api-ms-win-core-timezone-l1-1-0.dll
0x00000000193f0000 - 0x00000000193f3000 	C:\Program Files\Java\jdk1.8.0_151\jre\bin\api-ms-win-core-util-l1-1-0.dll
0x0000000019400000 - 0x0000000019403000 	C:\Program Files\Java\jdk1.8.0_151\jre\bin\api-ms-win-crt-conio-l1-1-0.dll
0x0000000019410000 - 0x0000000019414000 	C:\Program Files\Java\jdk1.8.0_151\jre\bin\api-ms-win-crt-convert-l1-1-0.dll
0x0000000019420000 - 0x0000000019423000 	C:\Program Files\Java\jdk1.8.0_151\jre\bin\api-ms-win-crt-environment-l1-1-0.dll
0x0000000019430000 - 0x0000000019433000 	C:\Program Files\Java\jdk1.8.0_151\jre\bin\api-ms-win-crt-filesystem-l1-1-0.dll
0x0000000019440000 - 0x0000000019443000 	C:\Program Files\Java\jdk1.8.0_151\jre\bin\api-ms-win-crt-heap-l1-1-0.dll
0x0000000019450000 - 0x0000000019453000 	C:\Program Files\Java\jdk1.8.0_151\jre\bin\api-ms-win-crt-locale-l1-1-0.dll
0x0000000019460000 - 0x0000000019465000 	C:\Program Files\Java\jdk1.8.0_151\jre\bin\api-ms-win-crt-math-l1-1-0.dll
0x0000000019470000 - 0x0000000019475000 	C:\Program Files\Java\jdk1.8.0_151\jre\bin\api-ms-win-crt-multibyte-l1-1-0.dll
0x0000000019480000 - 0x0000000019490000 	C:\Program Files\Java\jdk1.8.0_151\jre\bin\api-ms-win-crt-private-l1-1-0.dll
0x0000000019490000 - 0x0000000019493000 	C:\Program Files\Java\jdk1.8.0_151\jre\bin\api-ms-win-crt-process-l1-1-0.dll
0x00000000194a0000 - 0x00000000194a4000 	C:\Program Files\Java\jdk1.8.0_151\jre\bin\api-ms-win-crt-runtime-l1-1-0.dll
0x00000000194b0000 - 0x00000000194b4000 	C:\Program Files\Java\jdk1.8.0_151\jre\bin\api-ms-win-crt-stdio-l1-1-0.dll
0x00000000194c0000 - 0x00000000194c4000 	C:\Program Files\Java\jdk1.8.0_151\jre\bin\api-ms-win-crt-string-l1-1-0.dll
0x00000000194d0000 - 0x00000000194d3000 	C:\Program Files\Java\jdk1.8.0_151\jre\bin\api-ms-win-crt-time-l1-1-0.dll
0x00000000194e0000 - 0x00000000194e3000 	C:\Program Files\Java\jdk1.8.0_151\jre\bin\api-ms-win-crt-utility-l1-1-0.dll
0x00007fffa4ca0000 - 0x00007fffa4d96000 	C:\Program Files\Java\jdk1.8.0_151\jre\bin\ucrtbase.dll
0x00007fffa8610000 - 0x00007fffa8661000 	C:\Program Files\Java\jdk1.8.0_151\jre\bin\concrt140.dll
0x00007fffb4f50000 - 0x00007fffb4f66000 	C:\Program Files\Java\jdk1.8.0_151\jre\bin\VCRUNTIME140.dll
0x00007fffa4b00000 - 0x00007fffa4b9c000 	C:\Program Files\Java\jdk1.8.0_151\jre\bin\MSVCP140.dll
0x000000005c390000 - 0x000000005c3b3000 	C:\Program Files\Java\jdk1.8.0_151\jre\bin\prism_d3d.dll
0x00007fff98440000 - 0x00007fff985d5000 	C:\Windows\system32\d3d9.dll
0x00007fffb6db0000 - 0x00007fffb6dda000 	C:\Windows\SYSTEM32\dwmapi.dll
0x00007fffb6cd0000 - 0x00007fffb6d65000 	C:\Windows\system32\uxtheme.dll
0x00007fff84d20000 - 0x00007fff8725d000 	C:\Windows\SYSTEM32\igdumdim64.dll
0x00007fffbac30000 - 0x00007fffbacf5000 	C:\Windows\System32\OLEAUT32.dll
0x00007fffbaab0000 - 0x00007fffbabf9000 	C:\Windows\System32\ole32.dll
0x00007fffba540000 - 0x00007fffba98e000 	C:\Windows\System32\SETUPAPI.dll
0x000000005c340000 - 0x000000005c389000 	C:\Program Files\Java\jdk1.8.0_151\jre\bin\glass.dll
0x00007fffbae30000 - 0x00007fffbaf3a000 	C:\Windows\System32\COMDLG32.dll
0x00007fffba170000 - 0x00007fffba2d7000 	C:\Windows\System32\MSCTF.dll
0x00007fffa68c0000 - 0x00007fffa7300000 	C:\Windows\SYSTEM32\igdusc64.dll
0x000000005c320000 - 0x000000005c334000 	C:\Program Files\Java\jdk1.8.0_151\jre\bin\javafx_font.dll
0x00007fffa6400000 - 0x00007fffa670f000 	C:\Windows\SYSTEM32\dwrite.dll
0x00007fffbaf50000 - 0x00007fffbafee000 	C:\Windows\System32\clbcatq.dll
0x00007fffaa7b0000 - 0x00007fffaa95b000 	C:\Windows\SYSTEM32\WindowsCodecs.dll
0x00007fff97f70000 - 0x00007fff97fbf000 	C:\Windows\system32\dataexchange.dll
0x00007fffb5ca0000 - 0x00007fffb5f82000 	C:\Windows\system32\d3d11.dll
0x00007fffb64a0000 - 0x00007fffb65e2000 	C:\Windows\system32\dcomp.dll
0x00007fffb7760000 - 0x00007fffb780f000 	C:\Windows\system32\dxgi.dll
0x00007fffb6e40000 - 0x00007fffb6fbb000 	C:\Windows\system32\twinapi.appcore.dll
0x00007fffb6e20000 - 0x00007fffb6e40000 	C:\Windows\system32\RMCLIENT.dll
0x00007fffb83f0000 - 0x00007fffb8415000 	C:\Windows\system32\bcrypt.dll
0x00007fffacc00000 - 0x00007fffacc34000 	C:\Program Files\Common Files\Microsoft Shared\Ink\rtscom.dll
0x00007fffaa4a0000 - 0x00007fffaa538000 	C:\Windows\System32\TextInputFramework.dll
0x00007fffa9f00000 - 0x00007fffaa1ee000 	C:\Windows\System32\CoreUIComponents.dll
0x00007fffb63c0000 - 0x00007fffb649d000 	C:\Windows\System32\CoreMessaging.dll
0x00007fffb7a30000 - 0x00007fffb7a61000 	C:\Windows\SYSTEM32\ntmarta.dll
0x00007fffb5110000 - 0x00007fffb5246000 	C:\Windows\SYSTEM32\wintypes.dll
0x000000005c300000 - 0x000000005c312000 	C:\Program Files\Java\jdk1.8.0_151\jre\bin\prism_common.dll
0x00007fffb56e0000 - 0x00007fffb5c98000 	C:\Windows\SYSTEM32\d2d1.dll
0x00007fffb8f40000 - 0x00007fffb910e000 	C:\Windows\System32\CRYPT32.dll
0x00007fffb8910000 - 0x00007fffb8922000 	C:\Windows\System32\MSASN1.dll
0x00007fffa19f0000 - 0x00007fffa215c000 	C:\Windows\SYSTEM32\D3D10Warp.dll
0x00007fffb87f0000 - 0x00007fffb8819000 	C:\Windows\SYSTEM32\USERENV.dll

VM Arguments:
jvm_args: -Dfile.encoding=UTF-8 
java_command: C:\Users\Anmol\Documents\NetBeansProjects\JavaFXApplication9CheckBox\dist\run2038887713\JavaFXApplication9CheckBox.jar
java_class_path (initial): C:\Users\Anmol\Documents\NetBeansProjects\JavaFXApplication9CheckBox\dist\run2038887713\JavaFXApplication9CheckBox.jar
Launcher Type: SUN_STANDARD

Environment Variables:
PATH=C:\app\Anmol\product\11.2.0\dbhome_1\bin;C:\ProgramData\Oracle\Java\javapath;C:\Program Files (x86)\Intel\iCLS Client\;C:\Program Files\Intel\iCLS Client\;C:\Windows\system32;C:\Windows;C:\Windows\System32\Wbem;C:\Windows\System32\WindowsPowerShell\v1.0\;C:\Users\Anmol\AppData\Local\Microsoft\WindowsApps;C:\Users\Anmol\AppData\Local\GitHubDesktop\bin
USERNAME=Anmol
OS=Windows_NT
PROCESSOR_IDENTIFIER=Intel64 Family 6 Model 69 Stepping 1, GenuineIntel



---------------  S Y S T E M  ---------------

OS: Windows 10.0 , 64 bit Build 16299 (10.0.16299.15)

CPU:total 4 (initial active 4) (2 cores per cpu, 2 threads per core) family 6 model 69 stepping 1, cmov, cx8, fxsr, mmx, sse, sse2, sse3, ssse3, sse4.1, sse4.2, popcnt, avx, avx2, aes, clmul, erms, lzcnt, ht, tsc, tscinvbit, bmi1, bmi2

Memory: 4k page, physical 4133136k(250416k free), swap 8540684k(680k free)

vm_info: Java HotSpot(TM) 64-Bit Server VM (25.151-b12) for windows-amd64 JRE (1.8.0_151-b12), built on Sep  5 2017 19:33:46 by "java_re" with MS VC++ 10.0 (VS2010)

time: Fri Nov 17 17:08:39 2017
elapsed time: 16 seconds (0d 0h 0m 16s)

